<?xml version="1.0" encoding="UTF-8"?>
<testsuite xmlns:xsi="http://www.w3.org/2001/XMLSchema-instance" xsi:noNamespaceSchemaLocation="https://maven.apache.org/surefire/maven-surefire-plugin/xsd/surefire-test-report.xsd" version="3.0.2" name="com.example.rualingo.AuthRegistrationSecurityTests" time="6.475" tests="4" errors="0" skipped="0" failures="0" flakes="0">
  <properties>
[...]
</properties>
  <testcase name="registrationEndpoint_allowsCorsPreflight" classname="com.example.rualingo.AuthRegistrationSecurityTests" time="0.351">
    <system-out><![CDATA[Standard Commons Logging discovery in action with spring-jcl: please remove commons-logging.jar from classpath in order to avoid potential conflicts
10:12:24.260 [main] INFO org.springframework.test.context.support.AnnotationConfigContextLoaderUtils -- Could not detect default configuration classes for test class [com.example.rualingo.AuthRegistrationSecurityTests]: AuthRegistrationSecurityTests does not declare any static, non-private, non-final, nested classes annotated with @Configuration.
10:12:24.340 [main] INFO org.springframework.boot.test.context.SpringBootTestContextBootstrapper -- Found @SpringBootConfiguration com.example.rualingo.RualingoApplication for test class com.example.rualingo.AuthRegistrationSecurityTests
10:12:24.425 [main] INFO org.springframework.boot.devtools.restart.RestartApplicationListener -- Restart disabled due to context in which it is running

  .   ____          _            __ _ _
 /\\ / ___'_ __ _ _(_)_ __  __ _ \ \ \ \
( ( )\___ | '_ | '_| | '_ \/ _` | \ \ \ \
 \\/  ___)| |_)| | | | | || (_| |  ) ) ) )
  '  |____| .__|_| |_|_| |_\__, | / / / /
 =========|_|==============|___/=/_/_/_/

 :: Spring Boot ::               (v3.5.14)

2026-05-06T10:12:24.584+10:00 DEBUG 37608 --- [rualingo-test] [           main] o.s.boot.SpringApplication               : Loading source class com.example.rualingo.RualingoApplication
2026-05-06T10:12:24.594+10:00 DEBUG 37608 --- [rualingo-test] [           main] o.s.w.c.s.GenericWebApplicationContext   : Refreshing org.springframework.web.context.support.GenericWebApplicationContext@37ff4054
2026-05-06T10:12:25.242+10:00 DEBUG 37608 --- [rualingo-test] [           main] o.s.b.a.AutoConfigurationPackages        : @EnableAutoConfiguration was declared on a class in the package 'com.example.rualingo'. Automatic @Repository and @Entity scanning is enabled.
2026-05-06T10:12:26.695+10:00 DEBUG 37608 --- [rualingo-test] [           main] org.hibernate.SQL                        : drop table if exists "activity_log" cascade 
2026-05-06T10:12:26.698+10:00 DEBUG 37608 --- [rualingo-test] [           main] org.hibernate.SQL                        : drop table if exists "course" cascade 
2026-05-06T10:12:26.699+10:00 DEBUG 37608 --- [rualingo-test] [           main] org.hibernate.SQL                        : drop table if exists "course_has_user" cascade 
2026-05-06T10:12:26.699+10:00 DEBUG 37608 --- [rualingo-test] [           main] org.hibernate.SQL                        : drop table if exists "course_metadata" cascade 
2026-05-06T10:12:26.699+10:00 DEBUG 37608 --- [rualingo-test] [           main] org.hibernate.SQL                        : drop table if exists "exercise" cascade 
2026-05-06T10:12:26.699+10:00 DEBUG 37608 --- [rualingo-test] [           main] org.hibernate.SQL                        : drop table if exists "exercise_option" cascade 
2026-05-06T10:12:26.699+10:00 DEBUG 37608 --- [rualingo-test] [           main] org.hibernate.SQL                        : drop table if exists "language" cascade 
2026-05-06T10:12:26.699+10:00 DEBUG 37608 --- [rualingo-test] [           main] org.hibernate.SQL                        : drop table if exists "language_has_user" cascade 
2026-05-06T10:12:26.700+10:00 DEBUG 37608 --- [rualingo-test] [           main] org.hibernate.SQL                        : drop table if exists "lesson" cascade 
2026-05-06T10:12:26.700+10:00 DEBUG 37608 --- [rualingo-test] [           main] org.hibernate.SQL                        : drop table if exists "login" cascade 
2026-05-06T10:12:26.700+10:00 DEBUG 37608 --- [rualingo-test] [           main] org.hibernate.SQL                        : drop table if exists "role" cascade 
2026-05-06T10:12:26.700+10:00 DEBUG 37608 --- [rualingo-test] [           main] org.hibernate.SQL                        : drop table if exists "user" cascade 
2026-05-06T10:12:26.700+10:00 DEBUG 37608 --- [rualingo-test] [           main] org.hibernate.SQL                        : drop table if exists "user_notification" cascade 
2026-05-06T10:12:26.700+10:00 DEBUG 37608 --- [rualingo-test] [           main] org.hibernate.SQL                        : drop table if exists "user_response" cascade 
2026-05-06T10:12:26.701+10:00 DEBUG 37608 --- [rualingo-test] [           main] org.hibernate.SQL                        : drop table if exists "vocabulary" cascade 
2026-05-06T10:12:26.704+10:00 DEBUG 37608 --- [rualingo-test] [           main] org.hibernate.SQL                        : create table "activity_log" ("activity_log_id" bigint generated by default as identity, "exercise_id" bigint, "lesson_id" bigint, "time_stamp" timestamp(6), "user_id" bigint, "action" varchar(255), primary key ("activity_log_id"))
2026-05-06T10:12:26.709+10:00 DEBUG 37608 --- [rualingo-test] [           main] org.hibernate.SQL                        : create table "course" ("course_id" bigint generated by default as identity, "language_id" bigint, "reviewed_at" timestamp(6), "category" varchar(255), "description" varchar(255), "moderation_note" varchar(255), "name" varchar(255), "submission_status" varchar(255), "title" varchar(255), primary key ("course_id"))
2026-05-06T10:12:26.710+10:00 DEBUG 37608 --- [rualingo-test] [           main] org.hibernate.SQL                        : create table "course_has_user" ("course_course_id" bigint not null, "user_user_id" bigint not null, primary key ("course_course_id", "user_user_id"))
2026-05-06T10:12:26.711+10:00 DEBUG 37608 --- [rualingo-test] [           main] org.hibernate.SQL                        : create table "course_metadata" ("course_id" bigint not null, "course_metadata_id" bigint generated by default as identity, "meta_key" varchar(255) not null, "meta_value" varchar(255), primary key ("course_metadata_id"))
2026-05-06T10:12:26.712+10:00 DEBUG 37608 --- [rualingo-test] [           main] org.hibernate.SQL                        : create table "exercise" ("exercise_id" bigint generated by default as identity, "lesson_id" bigint, "audio_path" varchar(255), "correct_answer" varchar(255), "hint" varchar(255), "question" varchar(255), "question_text" varchar(255), "topic" varchar(255), "type" varchar(255), primary key ("exercise_id"))
2026-05-06T10:12:26.713+10:00 DEBUG 37608 --- [rualingo-test] [           main] org.hibernate.SQL                        : create table "exercise_option" ("option_order" integer not null, "exercise_id" bigint not null, "exercise_option_id" bigint generated by default as identity, "option_text" varchar(255) not null, primary key ("exercise_option_id"))
2026-05-06T10:12:26.713+10:00 DEBUG 37608 --- [rualingo-test] [           main] org.hibernate.SQL                        : create table "language" ("language_id" bigint generated by default as identity, "user_id" bigint, "clan" varchar(255), "district" varchar(255), "flag" varchar(255), "name" varchar(255), "province" varchar(255), primary key ("language_id"))
2026-05-06T10:12:26.714+10:00 DEBUG 37608 --- [rualingo-test] [           main] org.hibernate.SQL                        : create table "language_has_user" ("language_language_id" bigint not null, "user_user_id" bigint not null, primary key ("language_language_id", "user_user_id"))
2026-05-06T10:12:26.715+10:00 DEBUG 37608 --- [rualingo-test] [           main] org.hibernate.SQL                        : create table "lesson" ("course_id" bigint, "lesson_id" bigint generated by default as identity, "reviewed_at" timestamp(6), "content" varchar(255), "description" varchar(255), "moderation_note" varchar(255), "submission_status" varchar(255), "title" varchar(255), "topic" varchar(255), primary key ("lesson_id"))
2026-05-06T10:12:26.716+10:00 DEBUG 37608 --- [rualingo-test] [           main] org.hibernate.SQL                        : create table "login" ("login_id" bigint generated by default as identity, "user_id" bigint unique, primary key ("login_id"))
2026-05-06T10:12:26.717+10:00 DEBUG 37608 --- [rualingo-test] [           main] org.hibernate.SQL                        : create table "role" ("role_id" bigint generated by default as identity, "description" varchar(255), "name" varchar(255) not null unique, primary key ("role_id"))
2026-05-06T10:12:26.719+10:00 DEBUG 37608 --- [rualingo-test] [           main] org.hibernate.SQL                        : create table "user" ("is_active" boolean, "profile_picture_crop_height" integer, "profile_picture_crop_width" integer, "profile_picture_crop_x" integer, "profile_picture_crop_y" integer, "role_id" bigint, "user_id" bigint generated by default as identity, "auth_provider" varchar(255), "date_of_birth" varchar(255), "email" varchar(255), "first_name" varchar(255), "gender" varchar(255), "password" varchar(255), "profile_picture" varchar(255), "provider_user_id" varchar(255), "province_of_origin" varchar(255), "second_name" varchar(255), "username" varchar(255), primary key ("user_id"))
2026-05-06T10:12:26.720+10:00 DEBUG 37608 --- [rualingo-test] [           main] org.hibernate.SQL                        : create table "user_notification" ("is_read" boolean, "created_at" timestamp(6), "notification_id" bigint generated by default as identity, "scheduled_for" timestamp(6), "sent_at" timestamp(6), "user_id" bigint, "message_text" varchar(255), "type" varchar(255), primary key ("notification_id"))
2026-05-06T10:12:26.721+10:00 DEBUG 37608 --- [rualingo-test] [           main] org.hibernate.SQL                        : create table "user_response" ("attempts" integer, "is_correct" boolean, "exercise_id" bigint, "response_time" timestamp(6), "time_stamp" timestamp(6), "user_id" bigint, "userresponse_id" bigint generated by default as identity, "user_answer" varchar(255), primary key ("userresponse_id"))
2026-05-06T10:12:26.722+10:00 DEBUG 37608 --- [rualingo-test] [           main] org.hibernate.SQL                        : create table "vocabulary" ("language_id" bigint, "vocab_id" bigint generated by default as identity, "example_sentence" varchar(255), "phonetic" varchar(255), "topic" varchar(255), "translation" varchar(255), "word" varchar(255), "word_target" varchar(255), primary key ("vocab_id"))
2026-05-06T10:12:26.723+10:00 DEBUG 37608 --- [rualingo-test] [           main] org.hibernate.SQL                        : alter table if exists "activity_log" add constraint "FKs9outka4j4rsth9e3r26yxrl7" foreign key ("exercise_id") references "exercise"
2026-05-06T10:12:26.731+10:00 DEBUG 37608 --- [rualingo-test] [           main] org.hibernate.SQL                        : alter table if exists "activity_log" add constraint "FKhpejfjsxkmcf7o2lmhyhmdm13" foreign key ("lesson_id") references "lesson"
2026-05-06T10:12:26.732+10:00 DEBUG 37608 --- [rualingo-test] [           main] org.hibernate.SQL                        : alter table if exists "activity_log" add constraint "FKpook5t58rupd1qi4u4ue9pnf2" foreign key ("user_id") references "user"
2026-05-06T10:12:26.733+10:00 DEBUG 37608 --- [rualingo-test] [           main] org.hibernate.SQL                        : alter table if exists "course" add constraint "FKafnqjtjf9lgywpo7yexmqbqys" foreign key ("language_id") references "language"
2026-05-06T10:12:26.734+10:00 DEBUG 37608 --- [rualingo-test] [           main] org.hibernate.SQL                        : alter table if exists "course_has_user" add constraint "FKehk52ay4u975vovc32ckee4j3" foreign key ("course_course_id") references "course"
2026-05-06T10:12:26.735+10:00 DEBUG 37608 --- [rualingo-test] [           main] org.hibernate.SQL                        : alter table if exists "course_has_user" add constraint "FKdicsrajpyh1tpjbkwxexbbxmm" foreign key ("user_user_id") references "user"
2026-05-06T10:12:26.736+10:00 DEBUG 37608 --- [rualingo-test] [           main] org.hibernate.SQL                        : alter table if exists "course_metadata" add constraint "FKila9l7ewfs2oca6cfk0bcijk6" foreign key ("course_id") references "course"
2026-05-06T10:12:26.737+10:00 DEBUG 37608 --- [rualingo-test] [           main] org.hibernate.SQL                        : alter table if exists "exercise" add constraint "FKppm9rte8q7rrio40iioj5l171" foreign key ("lesson_id") references "lesson"
2026-05-06T10:12:26.738+10:00 DEBUG 37608 --- [rualingo-test] [           main] org.hibernate.SQL                        : alter table if exists "exercise_option" add constraint "FK8iyrop00e3brg1p2qvacj8twt" foreign key ("exercise_id") references "exercise"
2026-05-06T10:12:26.739+10:00 DEBUG 37608 --- [rualingo-test] [           main] org.hibernate.SQL                        : alter table if exists "language" add constraint "FKti3kqd2q4do60oyitsdh311ql" foreign key ("user_id") references "user"
2026-05-06T10:12:26.740+10:00 DEBUG 37608 --- [rualingo-test] [           main] org.hibernate.SQL                        : alter table if exists "language_has_user" add constraint "FKhfjqbj31c1la8b95akyft8aa2" foreign key ("language_language_id") references "language"
2026-05-06T10:12:26.741+10:00 DEBUG 37608 --- [rualingo-test] [           main] org.hibernate.SQL                        : alter table if exists "language_has_user" add constraint "FKqk3akpy868xwyoqoqlidq1m2m" foreign key ("user_user_id") references "user"
2026-05-06T10:12:26.742+10:00 DEBUG 37608 --- [rualingo-test] [           main] org.hibernate.SQL                        : alter table if exists "lesson" add constraint "FKc09yhule27ix44wu0jvleyht" foreign key ("course_id") references "course"
2026-05-06T10:12:26.743+10:00 DEBUG 37608 --- [rualingo-test] [           main] org.hibernate.SQL                        : alter table if exists "login" add constraint "FKek46lbqfcsgcl587rqgcdyemg" foreign key ("user_id") references "user"
2026-05-06T10:12:26.743+10:00 DEBUG 37608 --- [rualingo-test] [           main] org.hibernate.SQL                        : alter table if exists "user" add constraint "FK9usot4gododq1u90duvulb92d" foreign key ("role_id") references "role"
2026-05-06T10:12:26.744+10:00 DEBUG 37608 --- [rualingo-test] [           main] org.hibernate.SQL                        : alter table if exists "user_notification" add constraint "FK5xuuyvcvkcf88h8v478jpy5uo" foreign key ("user_id") references "user"
2026-05-06T10:12:26.745+10:00 DEBUG 37608 --- [rualingo-test] [           main] org.hibernate.SQL                        : alter table if exists "user_response" add constraint "FK1rrx27wcaqpyt0g29boo070dn" foreign key ("exercise_id") references "exercise"
2026-05-06T10:12:26.746+10:00 DEBUG 37608 --- [rualingo-test] [           main] org.hibernate.SQL                        : alter table if exists "user_response" add constraint "FKt9b3v0p4b9us55iocmichxf7k" foreign key ("user_id") references "user"
2026-05-06T10:12:26.748+10:00 DEBUG 37608 --- [rualingo-test] [           main] org.hibernate.SQL                        : alter table if exists "vocabulary" add constraint "FK75rf3ibq0mpbtx0tmmyuf5bi2" foreign key ("language_id") references "language"
2026-05-06T10:12:27.568+10:00  WARN 37608 --- [rualingo-test] [           main] JpaBaseConfiguration$JpaWebConfiguration : spring.jpa.open-in-view is enabled by default. Therefore, database queries may be performed during view rendering. Explicitly configure spring.jpa.open-in-view to disable this warning
2026-05-06T10:12:27.712+10:00 DEBUG 37608 --- [rualingo-test] [           main] s.w.s.m.m.a.RequestMappingHandlerMapping : 129 mappings in 'requestMappingHandlerMapping'
2026-05-06T10:12:27.814+10:00 DEBUG 37608 --- [rualingo-test] [           main] o.s.w.s.handler.SimpleUrlHandlerMapping  : Patterns [/webjars/**, /**] in 'resourceHandlerMapping'
2026-05-06T10:12:27.902+10:00  INFO 37608 --- [rualingo-test] [           main] o.s.b.a.e.web.EndpointLinksResolver      : Exposing 1 endpoint beneath base path '/actuator'
2026-05-06T10:12:28.016+10:00 DEBUG 37608 --- [rualingo-test] [           main] s.w.s.m.m.a.RequestMappingHandlerAdapter : ControllerAdvice beans: 0 @ModelAttribute, 0 @InitBinder, 1 RequestBodyAdvice, 1 ResponseBodyAdvice
2026-05-06T10:12:28.047+10:00 DEBUG 37608 --- [rualingo-test] [           main] .m.m.a.ExceptionHandlerExceptionResolver : ControllerAdvice beans: 1 @ExceptionHandler, 1 ResponseBodyAdvice
2026-05-06T10:12:28.193+10:00 DEBUG 37608 --- [rualingo-test] [           main] o.s.b.w.s.ServletContextInitializerBeans : Mapping filters: webMvcObservationFilter urls=[/*] order=-2147483647, springSecurityFilterChain urls=[/*] order=-100, characterEncodingFilter urls=[/*] order=-2147483648, formContentFilter urls=[/*] order=-9900, requestContextFilter urls=[/*] order=-105, jwtAuthenticationFilter urls=[/*] order=2147483647
2026-05-06T10:12:28.193+10:00 DEBUG 37608 --- [rualingo-test] [           main] o.s.b.w.s.ServletContextInitializerBeans : Mapping servlets: 
2026-05-06T10:12:28.199+10:00 DEBUG 37608 --- [rualingo-test] [           main] s.b.w.s.f.OrderedCharacterEncodingFilter : Filter 'characterEncodingFilter' configured for use
2026-05-06T10:12:28.199+10:00 DEBUG 37608 --- [rualingo-test] [           main] o.s.w.f.ServerHttpObservationFilter      : Filter 'webMvcObservationFilter' configured for use
2026-05-06T10:12:28.199+10:00 DEBUG 37608 --- [rualingo-test] [           main] o.s.b.w.s.f.OrderedFormContentFilter     : Filter 'formContentFilter' configured for use
2026-05-06T10:12:28.199+10:00 DEBUG 37608 --- [rualingo-test] [           main] o.s.b.w.s.f.OrderedRequestContextFilter  : Filter 'requestContextFilter' configured for use
2026-05-06T10:12:28.199+10:00 DEBUG 37608 --- [rualingo-test] [           main] .DelegatingFilterProxyRegistrationBean$1 : Filter 'springSecurityFilterChain' configured for use
2026-05-06T10:12:28.200+10:00  INFO 37608 --- [rualingo-test] [           main] o.s.b.t.m.w.SpringBootMockServletContext : Initializing Spring TestDispatcherServlet ''
2026-05-06T10:12:28.247+10:00 DEBUG 37608 --- [rualingo-test] [           main] .s.b.a.l.ConditionEvaluationReportLogger : 


============================
CONDITIONS EVALUATION REPORT
============================


Positive matches:
-----------------

   AopAutoConfiguration matched:
      - @ConditionalOnBooleanProperty (spring.aop.auto=true) matched (OnPropertyCondition)

   AopAutoConfiguration.AspectJAutoProxyingConfiguration matched:
      - @ConditionalOnClass found required class 'org.aspectj.weaver.Advice' (OnClassCondition)

   AopAutoConfiguration.AspectJAutoProxyingConfiguration.CglibAutoProxyConfiguration matched:
      - @ConditionalOnBooleanProperty (spring.aop.proxy-target-class=true) matched (OnPropertyCondition)

   ApplicationAvailabilityAutoConfiguration#applicationAvailability matched:
      - @ConditionalOnMissingBean (types: org.springframework.boot.availability.ApplicationAvailability; SearchStrategy: all) did not find any beans (OnBeanCondition)

   CacheMeterBinderProvidersConfiguration matched:
      - @ConditionalOnClass found required class 'io.micrometer.core.instrument.binder.MeterBinder' (OnClassCondition)

   CompositeMeterRegistryAutoConfiguration matched:
      - @ConditionalOnClass found required class 'io.micrometer.core.instrument.composite.CompositeMeterRegistry' (OnClassCondition)

   DataSourceAutoConfiguration matched:
      - @ConditionalOnClass found required classes 'javax.sql.DataSource', 'org.springframework.jdbc.datasource.embedded.EmbeddedDatabaseType' (OnClassCondition)
      - @ConditionalOnMissingBean (types: io.r2dbc.spi.ConnectionFactory; SearchStrategy: all) did not find any beans (OnBeanCondition)

   DataSourceAutoConfiguration.PooledDataSourceConfiguration matched:
      - AnyNestedCondition 1 matched 1 did not; NestedCondition on DataSourceAutoConfiguration.PooledDataSourceCondition.PooledDataSourceAvailable PooledDataSource found supported DataSource; NestedCondition on DataSourceAutoConfiguration.PooledDataSourceCondition.ExplicitType @ConditionalOnProperty (spring.datasource.type) did not find property 'spring.datasource.type' (DataSourceAutoConfiguration.PooledDataSourceCondition)
      - @ConditionalOnMissingBean (types: javax.sql.DataSource,javax.sql.XADataSource; SearchStrategy: all) did not find any beans (OnBeanCondition)

   DataSourceAutoConfiguration.PooledDataSourceConfiguration#jdbcConnectionDetails matched:
      - @ConditionalOnMissingBean (types: org.springframework.boot.autoconfigure.jdbc.JdbcConnectionDetails; SearchStrategy: all) did not find any beans (OnBeanCondition)

   DataSourceConfiguration.Hikari matched:
      - @ConditionalOnClass found required class 'com.zaxxer.hikari.HikariDataSource' (OnClassCondition)
      - @ConditionalOnProperty (spring.datasource.type=com.zaxxer.hikari.HikariDataSource) matched (OnPropertyCondition)
      - @ConditionalOnMissingBean (types: javax.sql.DataSource; SearchStrategy: all) did not find any beans (OnBeanCondition)

   DataSourceHealthContributorAutoConfiguration matched:
      - @ConditionalOnClass found required classes 'org.springframework.jdbc.core.JdbcTemplate', 'org.springframework.jdbc.datasource.lookup.AbstractRoutingDataSource' (OnClassCondition)
      - @ConditionalOnEnabledHealthIndicator management.health.defaults.enabled is considered true (OnEnabledHealthIndicatorCondition)
      - @ConditionalOnBean (types: javax.sql.DataSource; SearchStrategy: all) found bean 'dataSource' (OnBeanCondition)

   DataSourceHealthContributorAutoConfiguration#dbHealthContributor matched:
      - @ConditionalOnMissingBean (names: dbHealthIndicator,dbHealthContributor; SearchStrategy: all) did not find any beans (OnBeanCondition)

   DataSourcePoolMetadataProvidersConfiguration.HikariPoolDataSourceMetadataProviderConfiguration matched:
      - @ConditionalOnClass found required class 'com.zaxxer.hikari.HikariDataSource' (OnClassCondition)

   DataSourcePoolMetricsAutoConfiguration matched:
      - @ConditionalOnClass found required classes 'javax.sql.DataSource', 'io.micrometer.core.instrument.MeterRegistry' (OnClassCondition)
      - @ConditionalOnBean (types: javax.sql.DataSource,io.micrometer.core.instrument.MeterRegistry; SearchStrategy: all) found beans 'simpleMeterRegistry', 'dataSource' (OnBeanCondition)

   DataSourcePoolMetricsAutoConfiguration.DataSourcePoolMetadataMetricsConfiguration matched:
      - @ConditionalOnBean (types: org.springframework.boot.jdbc.metadata.DataSourcePoolMetadataProvider; SearchStrategy: all) found bean 'hikariPoolDataSourceMetadataProvider' (OnBeanCondition)

   DataSourcePoolMetricsAutoConfiguration.HikariDataSourceMetricsConfiguration matched:
      - @ConditionalOnClass found required class 'com.zaxxer.hikari.HikariDataSource' (OnClassCondition)

   DataSourceTransactionManagerAutoConfiguration matched:
      - @ConditionalOnClass found required classes 'javax.sql.DataSource', 'org.springframework.jdbc.core.JdbcTemplate', 'org.springframework.transaction.TransactionManager' (OnClassCondition)

   DataSourceTransactionManagerAutoConfiguration.JdbcTransactionManagerConfiguration matched:
      - @ConditionalOnSingleCandidate (types: javax.sql.DataSource; SearchStrategy: all) found a single bean 'dataSource' (OnBeanCondition)

   DiskSpaceHealthContributorAutoConfiguration matched:
      - @ConditionalOnEnabledHealthIndicator management.health.defaults.enabled is considered true (OnEnabledHealthIndicatorCondition)

   DiskSpaceHealthContributorAutoConfiguration#diskSpaceHealthIndicator matched:
      - @ConditionalOnMissingBean (names: diskSpaceHealthIndicator; SearchStrategy: all) did not find any beans (OnBeanCondition)

   DispatcherServletAutoConfiguration matched:
      - @ConditionalOnClass found required class 'org.springframework.web.servlet.DispatcherServlet' (OnClassCondition)
      - found 'session' scope (OnWebApplicationCondition)

   DispatcherServletAutoConfiguration.DispatcherServletConfiguration matched:
      - @ConditionalOnClass found required class 'jakarta.servlet.ServletRegistration' (OnClassCondition)
      - Default DispatcherServlet did not find dispatcher servlet beans (DispatcherServletAutoConfiguration.DefaultDispatcherServletCondition)

   DispatcherServletAutoConfiguration.DispatcherServletRegistrationConfiguration matched:
      - @ConditionalOnClass found required class 'jakarta.servlet.ServletRegistration' (OnClassCondition)
      - DispatcherServlet Registration did not find servlet registration bean (DispatcherServletAutoConfiguration.DispatcherServletRegistrationCondition)

   DispatcherServletAutoConfiguration.DispatcherServletRegistrationConfiguration#dispatcherServletRegistration matched:
      - @ConditionalOnBean (names: dispatcherServlet types: org.springframework.web.servlet.DispatcherServlet; SearchStrategy: all) found bean 'dispatcherServlet' (OnBeanCondition)

   EndpointAutoConfiguration#endpointCachingOperationInvokerAdvisor matched:
      - @ConditionalOnMissingBean (types: org.springframework.boot.actuate.endpoint.invoker.cache.CachingOperationInvokerAdvisor; SearchStrategy: all) did not find any beans (OnBeanCondition)

   EndpointAutoConfiguration#endpointOperationParameterMapper matched:
      - @ConditionalOnMissingBean (types: org.springframework.boot.actuate.endpoint.invoke.ParameterValueMapper; SearchStrategy: all) did not find any beans (OnBeanCondition)

   EndpointAutoConfiguration#propertiesEndpointAccessResolver matched:
      - @ConditionalOnMissingBean (types: org.springframework.boot.actuate.endpoint.EndpointAccessResolver; SearchStrategy: all) did not find any beans (OnBeanCondition)

   ErrorMvcAutoConfiguration matched:
      - @ConditionalOnClass found required classes 'jakarta.servlet.Servlet', 'org.springframework.web.servlet.DispatcherServlet' (OnClassCondition)
      - found 'session' scope (OnWebApplicationCondition)

   ErrorMvcAutoConfiguration#basicErrorController matched:
      - @ConditionalOnMissingBean (types: org.springframework.boot.web.servlet.error.ErrorController; SearchStrategy: current) did not find any beans (OnBeanCondition)

   ErrorMvcAutoConfiguration#errorAttributes matched:
      - @ConditionalOnMissingBean (types: org.springframework.boot.web.servlet.error.ErrorAttributes; SearchStrategy: current) did not find any beans (OnBeanCondition)

   ErrorMvcAutoConfiguration.DefaultErrorViewResolverConfiguration#conventionErrorViewResolver matched:
      - @ConditionalOnBean (types: org.springframework.web.servlet.DispatcherServlet; SearchStrategy: all) found bean 'dispatcherServlet'; @ConditionalOnMissingBean (types: org.springframework.boot.autoconfigure.web.servlet.error.ErrorViewResolver; SearchStrategy: all) did not find any beans (OnBeanCondition)

   ErrorMvcAutoConfiguration.WhitelabelErrorViewConfiguration matched:
      - @ConditionalOnBooleanProperty (server.error.whitelabel.enabled=true) matched (OnPropertyCondition)
      - ErrorTemplate Missing did not find error template view (ErrorMvcAutoConfiguration.ErrorTemplateMissingCondition)

   ErrorMvcAutoConfiguration.WhitelabelErrorViewConfiguration#beanNameViewResolver matched:
      - @ConditionalOnMissingBean (types: org.springframework.web.servlet.view.BeanNameViewResolver; SearchStrategy: all) did not find any beans (OnBeanCondition)

   ErrorMvcAutoConfiguration.WhitelabelErrorViewConfiguration#defaultErrorView matched:
      - @ConditionalOnMissingBean (names: error; SearchStrategy: all) did not find any beans (OnBeanCondition)

   GenericCacheConfiguration matched:
      - Cache org.springframework.boot.autoconfigure.cache.GenericCacheConfiguration automatic cache type (CacheCondition)

   GsonAutoConfiguration matched:
      - @ConditionalOnClass found required class 'com.google.gson.Gson' (OnClassCondition)

   GsonAutoConfiguration#gson matched:
      - @ConditionalOnMissingBean (types: com.google.gson.Gson; SearchStrategy: all) did not find any beans (OnBeanCondition)

   GsonAutoConfiguration#gsonBuilder matched:
      - @ConditionalOnMissingBean (types: com.google.gson.GsonBuilder; SearchStrategy: all) did not find any beans (OnBeanCondition)

   GsonHttpMessageConvertersConfiguration matched:
      - @ConditionalOnClass found required class 'com.google.gson.Gson' (OnClassCondition)

   HealthContributorAutoConfiguration#pingHealthContributor matched:
      - @ConditionalOnEnabledHealthIndicator management.health.defaults.enabled is considered true (OnEnabledHealthIndicatorCondition)

   HealthEndpointAutoConfiguration matched:
      - @ConditionalOnAvailableEndpoint marked as exposed by a 'management.endpoints.web.exposure' property (OnAvailableEndpointCondition)

   HealthEndpointConfiguration#healthContributorRegistry matched:
      - @ConditionalOnMissingBean (types: org.springframework.boot.actuate.health.HealthContributorRegistry; SearchStrategy: all) did not find any beans (OnBeanCondition)

   HealthEndpointConfiguration#healthEndpoint matched:
      - @ConditionalOnMissingBean (types: org.springframework.boot.actuate.health.HealthEndpoint; SearchStrategy: all) did not find any beans (OnBeanCondition)

   HealthEndpointConfiguration#healthEndpointGroupMembershipValidator matched:
      - @ConditionalOnBooleanProperty (management.endpoint.health.validate-group-membership=true) matched (OnPropertyCondition)

   HealthEndpointConfiguration#healthEndpointGroups matched:
      - @ConditionalOnMissingBean (types: org.springframework.boot.actuate.health.HealthEndpointGroups; SearchStrategy: all) did not find any beans (OnBeanCondition)

   HealthEndpointConfiguration#healthHttpCodeStatusMapper matched:
      - @ConditionalOnMissingBean (types: org.springframework.boot.actuate.health.HttpCodeStatusMapper; SearchStrategy: all) did not find any beans (OnBeanCondition)

   HealthEndpointConfiguration#healthStatusAggregator matched:
      - @ConditionalOnMissingBean (types: org.springframework.boot.actuate.health.StatusAggregator; SearchStrategy: all) did not find any beans (OnBeanCondition)

   HealthEndpointWebExtensionConfiguration matched:
      - found 'session' scope (OnWebApplicationCondition)
      - @ConditionalOnAvailableEndpoint marked as exposed by a 'management.endpoints.web.exposure' property (OnAvailableEndpointCondition)
      - @ConditionalOnBean (types: org.springframework.boot.actuate.health.HealthEndpoint; SearchStrategy: all) found bean 'healthEndpoint' (OnBeanCondition)

   HealthEndpointWebExtensionConfiguration#healthEndpointWebExtension matched:
      - @ConditionalOnMissingBean (types: org.springframework.boot.actuate.health.HealthEndpointWebExtension; SearchStrategy: all) did not find any beans (OnBeanCondition)

   HealthEndpointWebExtensionConfiguration.MvcAdditionalHealthEndpointPathsConfiguration matched:
      - @ConditionalOnBean (types: org.springframework.web.servlet.DispatcherServlet; SearchStrategy: all) found bean 'dispatcherServlet' (OnBeanCondition)

   HibernateJpaAutoConfiguration matched:
      - @ConditionalOnClass found required classes 'org.springframework.orm.jpa.LocalContainerEntityManagerFactoryBean', 'jakarta.persistence.EntityManager', 'org.hibernate.engine.spi.SessionImplementor' (OnClassCondition)

   HibernateJpaConfiguration matched:
      - @ConditionalOnSingleCandidate (types: javax.sql.DataSource; SearchStrategy: all) found a single bean 'dataSource' (OnBeanCondition)

   HttpClientAutoConfiguration matched:
      - @ConditionalOnClass found required class 'org.springframework.http.client.ClientHttpRequestFactory' (OnClassCondition)
      - NoneNestedConditions 0 matched 1 did not; NestedCondition on NotReactiveWebApplicationCondition.ReactiveWebApplication did not find reactive web application classes (NotReactiveWebApplicationCondition)

   HttpClientAutoConfiguration#clientHttpRequestFactoryBuilder matched:
      - @ConditionalOnMissingBean (types: org.springframework.boot.http.client.ClientHttpRequestFactoryBuilder<?>; SearchStrategy: all) did not find any beans (OnBeanCondition)

   HttpClientAutoConfiguration#clientHttpRequestFactorySettings matched:
      - @ConditionalOnMissingBean (types: org.springframework.boot.http.client.ClientHttpRequestFactorySettings; SearchStrategy: all) did not find any beans (OnBeanCondition)

   HttpClientObservationsAutoConfiguration matched:
      - @ConditionalOnClass found required class 'io.micrometer.observation.Observation' (OnClassCondition)
      - @ConditionalOnBean (types: io.micrometer.observation.ObservationRegistry; SearchStrategy: all) found bean 'observationRegistry' (OnBeanCondition)

   HttpClientObservationsAutoConfiguration.MeterFilterConfiguration matched:
      - @ConditionalOnClass found required class 'io.micrometer.core.instrument.MeterRegistry' (OnClassCondition)
      - @ConditionalOnBean (types: io.micrometer.core.instrument.MeterRegistry; SearchStrategy: all) found bean 'simpleMeterRegistry' (OnBeanCondition)

   HttpEncodingAutoConfiguration matched:
      - @ConditionalOnClass found required class 'org.springframework.web.filter.CharacterEncodingFilter' (OnClassCondition)
      - found 'session' scope (OnWebApplicationCondition)
      - @ConditionalOnBooleanProperty (server.servlet.encoding.enabled=true) matched (OnPropertyCondition)

   HttpEncodingAutoConfiguration#characterEncodingFilter matched:
      - @ConditionalOnMissingBean (types: org.springframework.web.filter.CharacterEncodingFilter; SearchStrategy: all) did not find any beans (OnBeanCondition)

   HttpMessageConvertersAutoConfiguration matched:
      - @ConditionalOnClass found required class 'org.springframework.http.converter.HttpMessageConverter' (OnClassCondition)
      - NoneNestedConditions 0 matched 1 did not; NestedCondition on HttpMessageConvertersAutoConfiguration.NotReactiveWebApplicationCondition.ReactiveWebApplication did not find reactive web application classes (HttpMessageConvertersAutoConfiguration.NotReactiveWebApplicationCondition)

   HttpMessageConvertersAutoConfiguration#messageConverters matched:
      - @ConditionalOnMissingBean (types: org.springframework.boot.autoconfigure.http.HttpMessageConverters; SearchStrategy: all) did not find any beans (OnBeanCondition)

   HttpMessageConvertersAutoConfiguration.StringHttpMessageConverterConfiguration matched:
      - @ConditionalOnClass found required class 'org.springframework.http.converter.StringHttpMessageConverter' (OnClassCondition)

   HttpMessageConvertersAutoConfiguration.StringHttpMessageConverterConfiguration#stringHttpMessageConverter matched:
      - @ConditionalOnMissingBean (types: org.springframework.http.converter.StringHttpMessageConverter; SearchStrategy: all) did not find any beans (OnBeanCondition)

   JacksonAutoConfiguration matched:
      - @ConditionalOnClass found required class 'com.fasterxml.jackson.databind.ObjectMapper' (OnClassCondition)

   JacksonAutoConfiguration.Jackson2ObjectMapperBuilderCustomizerConfiguration matched:
      - @ConditionalOnClass found required class 'org.springframework.http.converter.json.Jackson2ObjectMapperBuilder' (OnClassCondition)

   JacksonAutoConfiguration.JacksonObjectMapperBuilderConfiguration matched:
      - @ConditionalOnClass found required class 'org.springframework.http.converter.json.Jackson2ObjectMapperBuilder' (OnClassCondition)

   JacksonAutoConfiguration.JacksonObjectMapperBuilderConfiguration#jacksonObjectMapperBuilder matched:
      - @ConditionalOnMissingBean (types: org.springframework.http.converter.json.Jackson2ObjectMapperBuilder; SearchStrategy: all) did not find any beans (OnBeanCondition)

   JacksonAutoConfiguration.JacksonObjectMapperConfiguration matched:
      - @ConditionalOnClass found required class 'org.springframework.http.converter.json.Jackson2ObjectMapperBuilder' (OnClassCondition)

   JacksonAutoConfiguration.JacksonObjectMapperConfiguration#jacksonObjectMapper matched:
      - @ConditionalOnMissingBean (types: com.fasterxml.jackson.databind.ObjectMapper; SearchStrategy: all) did not find any beans (OnBeanCondition)

   JacksonAutoConfiguration.ParameterNamesModuleConfiguration matched:
      - @ConditionalOnClass found required class 'com.fasterxml.jackson.module.paramnames.ParameterNamesModule' (OnClassCondition)

   JacksonAutoConfiguration.ParameterNamesModuleConfiguration#parameterNamesModule matched:
      - @ConditionalOnMissingBean (types: com.fasterxml.jackson.module.paramnames.ParameterNamesModule; SearchStrategy: all) did not find any beans (OnBeanCondition)

   JacksonEndpointAutoConfiguration matched:
      - @ConditionalOnClass found required classes 'com.fasterxml.jackson.databind.ObjectMapper', 'org.springframework.http.converter.json.Jackson2ObjectMapperBuilder' (OnClassCondition)

   JacksonEndpointAutoConfiguration#endpointObjectMapper matched:
      - @ConditionalOnBooleanProperty (management.endpoints.jackson.isolated-object-mapper=true) matched (OnPropertyCondition)

   JacksonHttpMessageConvertersConfiguration.MappingJackson2HttpMessageConverterConfiguration matched:
      - @ConditionalOnClass found required class 'com.fasterxml.jackson.databind.ObjectMapper' (OnClassCondition)
      - @ConditionalOnPreferredJsonMapper JACKSON no property was configured and Jackson is the default (OnPreferredJsonMapperCondition)
      - @ConditionalOnBean (types: com.fasterxml.jackson.databind.ObjectMapper; SearchStrategy: all) found bean 'jacksonObjectMapper' (OnBeanCondition)

   JacksonHttpMessageConvertersConfiguration.MappingJackson2HttpMessageConverterConfiguration#mappingJackson2HttpMessageConverter matched:
      - @ConditionalOnMissingBean (types: org.springframework.http.converter.json.MappingJackson2HttpMessageConverter ignored: org.springframework.hateoas.server.mvc.TypeConstrainedMappingJackson2HttpMessageConverter,org.springframework.data.rest.webmvc.alps.AlpsJsonHttpMessageConverter; SearchStrategy: all) did not find any beans (OnBeanCondition)

   JdbcClientAutoConfiguration matched:
      - @ConditionalOnSingleCandidate (types: org.springframework.jdbc.core.namedparam.NamedParameterJdbcTemplate; SearchStrategy: all) found a single bean 'namedParameterJdbcTemplate'; @ConditionalOnMissingBean (types: org.springframework.jdbc.core.simple.JdbcClient; SearchStrategy: all) did not find any beans (OnBeanCondition)

   JdbcTemplateAutoConfiguration matched:
      - @ConditionalOnClass found required classes 'javax.sql.DataSource', 'org.springframework.jdbc.core.JdbcTemplate' (OnClassCondition)
      - @ConditionalOnSingleCandidate (types: javax.sql.DataSource; SearchStrategy: all) found a single bean 'dataSource' (OnBeanCondition)

   JdbcTemplateConfiguration matched:
      - @ConditionalOnMissingBean (types: org.springframework.jdbc.core.JdbcOperations; SearchStrategy: all) did not find any beans (OnBeanCondition)

   JpaBaseConfiguration#entityManagerFactory matched:
      - @ConditionalOnMissingBean (types: org.springframework.orm.jpa.LocalContainerEntityManagerFactoryBean,jakarta.persistence.EntityManagerFactory; SearchStrategy: all) did not find any beans (OnBeanCondition)

   JpaBaseConfiguration#entityManagerFactoryBuilder matched:
      - @ConditionalOnMissingBean (types: org.springframework.boot.orm.jpa.EntityManagerFactoryBuilder; SearchStrategy: all) did not find any beans (OnBeanCondition)

   JpaBaseConfiguration#jpaVendorAdapter matched:
      - @ConditionalOnMissingBean (types: org.springframework.orm.jpa.JpaVendorAdapter; SearchStrategy: all) did not find any beans (OnBeanCondition)

   JpaBaseConfiguration#transactionManager matched:
      - @ConditionalOnMissingBean (types: org.springframework.transaction.TransactionManager; SearchStrategy: all) did not find any beans (OnBeanCondition)

   JpaBaseConfiguration.JpaWebConfiguration matched:
      - @ConditionalOnClass found required class 'org.springframework.web.servlet.config.annotation.WebMvcConfigurer' (OnClassCondition)
      - found 'session' scope (OnWebApplicationCondition)
      - @ConditionalOnBooleanProperty (spring.jpa.open-in-view=true) matched (OnPropertyCondition)
      - @ConditionalOnMissingBean (types: org.springframework.orm.jpa.support.OpenEntityManagerInViewInterceptor,org.springframework.orm.jpa.support.OpenEntityManagerInViewFilter; SearchStrategy: all) did not find any beans (OnBeanCondition)

   JpaBaseConfiguration.PersistenceManagedTypesConfiguration matched:
      - @ConditionalOnMissingBean (types: org.springframework.orm.jpa.LocalContainerEntityManagerFactoryBean,jakarta.persistence.EntityManagerFactory; SearchStrategy: all) did not find any beans (OnBeanCondition)

   JpaBaseConfiguration.PersistenceManagedTypesConfiguration#persistenceManagedTypes matched:
      - @ConditionalOnMissingBean (types: org.springframework.orm.jpa.persistenceunit.PersistenceManagedTypes; SearchStrategy: all) did not find any beans (OnBeanCondition)

   JpaRepositoriesAutoConfiguration matched:
      - @ConditionalOnClass found required class 'org.springframework.data.jpa.repository.JpaRepository' (OnClassCondition)
      - @ConditionalOnBooleanProperty (spring.data.jpa.repositories.enabled=true) matched (OnPropertyCondition)
      - @ConditionalOnBean (types: javax.sql.DataSource; SearchStrategy: all) found bean 'dataSource'; @ConditionalOnMissingBean (types: org.springframework.data.jpa.repository.support.JpaRepositoryFactoryBean,org.springframework.data.jpa.repository.config.JpaRepositoryConfigExtension; SearchStrategy: all) did not find any beans (OnBeanCondition)

   JtaAutoConfiguration matched:
      - @ConditionalOnClass found required class 'jakarta.transaction.Transaction' (OnClassCondition)
      - @ConditionalOnBooleanProperty (spring.jta.enabled=true) matched (OnPropertyCondition)

   JvmMetricsAutoConfiguration matched:
      - @ConditionalOnClass found required class 'io.micrometer.core.instrument.MeterRegistry' (OnClassCondition)
      - @ConditionalOnBean (types: io.micrometer.core.instrument.MeterRegistry; SearchStrategy: all) found bean 'simpleMeterRegistry' (OnBeanCondition)

   JvmMetricsAutoConfiguration#classLoaderMetrics matched:
      - @ConditionalOnMissingBean (types: io.micrometer.core.instrument.binder.jvm.ClassLoaderMetrics; SearchStrategy: all) did not find any beans (OnBeanCondition)

   JvmMetricsAutoConfiguration#jvmCompilationMetrics matched:
      - @ConditionalOnMissingBean (types: io.micrometer.core.instrument.binder.jvm.JvmCompilationMetrics; SearchStrategy: all) did not find any beans (OnBeanCondition)

   JvmMetricsAutoConfiguration#jvmGcMetrics matched:
      - @ConditionalOnMissingBean (types: io.micrometer.core.instrument.binder.jvm.JvmGcMetrics; SearchStrategy: all) did not find any beans (OnBeanCondition)

   JvmMetricsAutoConfiguration#jvmHeapPressureMetrics matched:
      - @ConditionalOnMissingBean (types: io.micrometer.core.instrument.binder.jvm.JvmHeapPressureMetrics; SearchStrategy: all) did not find any beans (OnBeanCondition)

   JvmMetricsAutoConfiguration#jvmInfoMetrics matched:
      - @ConditionalOnMissingBean (types: io.micrometer.core.instrument.binder.jvm.JvmInfoMetrics; SearchStrategy: all) did not find any beans (OnBeanCondition)

   JvmMetricsAutoConfiguration#jvmMemoryMetrics matched:
      - @ConditionalOnMissingBean (types: io.micrometer.core.instrument.binder.jvm.JvmMemoryMetrics; SearchStrategy: all) did not find any beans (OnBeanCondition)

   JvmMetricsAutoConfiguration#jvmThreadMetrics matched:
      - @ConditionalOnMissingBean (types: io.micrometer.core.instrument.binder.jvm.JvmThreadMetrics; SearchStrategy: all) did not find any beans (OnBeanCondition)

   LifecycleAutoConfiguration#defaultLifecycleProcessor matched:
      - @ConditionalOnMissingBean (names: lifecycleProcessor; SearchStrategy: current) did not find any beans (OnBeanCondition)

   LogbackMetricsAutoConfiguration matched:
      - @ConditionalOnClass found required classes 'io.micrometer.core.instrument.MeterRegistry', 'ch.qos.logback.classic.LoggerContext', 'org.slf4j.LoggerFactory' (OnClassCondition)
      - LogbackLoggingCondition ILoggerFactory is a Logback LoggerContext (LogbackMetricsAutoConfiguration.LogbackLoggingCondition)
      - @ConditionalOnBean (types: io.micrometer.core.instrument.MeterRegistry; SearchStrategy: all) found bean 'simpleMeterRegistry' (OnBeanCondition)

   LogbackMetricsAutoConfiguration#logbackMetrics matched:
      - @ConditionalOnMissingBean (types: io.micrometer.core.instrument.binder.logging.LogbackMetrics; SearchStrategy: all) did not find any beans (OnBeanCondition)

   ManagementContextAutoConfiguration.SameManagementContextConfiguration matched:
      - Management Port actual port type (SAME) matched required type (OnManagementPortCondition)

   MetricsAutoConfiguration matched:
      - @ConditionalOnClass found required class 'io.micrometer.core.annotation.Timed' (OnClassCondition)

   MetricsAutoConfiguration#micrometerClock matched:
      - @ConditionalOnMissingBean (types: io.micrometer.core.instrument.Clock; SearchStrategy: all) did not find any beans (OnBeanCondition)

   MockMvcAutoConfiguration matched:
      - found 'session' scope (OnWebApplicationCondition)

   MockMvcConfiguration#mockMvc matched:
      - @ConditionalOnMissingBean (types: org.springframework.test.web.servlet.MockMvc; SearchStrategy: all) did not find any beans (OnBeanCondition)

   MockMvcConfiguration#mockMvcBuilder matched:
      - @ConditionalOnMissingBean (types: org.springframework.test.web.servlet.MockMvcBuilder; SearchStrategy: all) did not find any beans (OnBeanCondition)

   MockMvcTesterConfiguration matched:
      - @ConditionalOnClass found required class 'org.assertj.core.api.Assert' (OnClassCondition)

   MockMvcTesterConfiguration#mockMvcTester matched:
      - @ConditionalOnMissingBean (types: org.springframework.test.web.servlet.assertj.MockMvcTester; SearchStrategy: all) did not find any beans (OnBeanCondition)

   MultipartAutoConfiguration matched:
      - @ConditionalOnClass found required classes 'jakarta.servlet.Servlet', 'org.springframework.web.multipart.support.StandardServletMultipartResolver', 'jakarta.servlet.MultipartConfigElement' (OnClassCondition)
      - found 'session' scope (OnWebApplicationCondition)
      - @ConditionalOnBooleanProperty (spring.servlet.multipart.enabled=true) matched (OnPropertyCondition)

   MultipartAutoConfiguration#multipartConfigElement matched:
      - @ConditionalOnMissingBean (types: jakarta.servlet.MultipartConfigElement; SearchStrategy: all) did not find any beans (OnBeanCondition)

   MultipartAutoConfiguration#multipartResolver matched:
      - @ConditionalOnMissingBean (types: org.springframework.web.multipart.MultipartResolver; SearchStrategy: all) did not find any beans (OnBeanCondition)

   NamedParameterJdbcTemplateConfiguration matched:
      - @ConditionalOnSingleCandidate (types: org.springframework.jdbc.core.JdbcTemplate; SearchStrategy: all) found a single bean 'jdbcTemplate'; @ConditionalOnMissingBean (types: org.springframework.jdbc.core.namedparam.NamedParameterJdbcOperations; SearchStrategy: all) did not find any beans (OnBeanCondition)

   NoOpCacheConfiguration matched:
      - Cache org.springframework.boot.autoconfigure.cache.NoOpCacheConfiguration automatic cache type (CacheCondition)

   ObservationAutoConfiguration matched:
      - @ConditionalOnClass found required class 'io.micrometer.observation.ObservationRegistry' (OnClassCondition)

   ObservationAutoConfiguration#observationRegistry matched:
      - @ConditionalOnMissingBean (types: io.micrometer.observation.ObservationRegistry; SearchStrategy: all) did not find any beans (OnBeanCondition)

   ObservationAutoConfiguration.MeterObservationHandlerConfiguration matched:
      - @ConditionalOnBean (types: io.micrometer.core.instrument.MeterRegistry; SearchStrategy: all) found bean 'simpleMeterRegistry'; @ConditionalOnMissingBean (types: io.micrometer.core.instrument.observation.MeterObservationHandler; SearchStrategy: all) did not find any beans (OnBeanCondition)

   ObservationAutoConfiguration.MeterObservationHandlerConfiguration.OnlyMetricsMeterObservationHandlerConfiguration matched:
      - @ConditionalOnMissingBean (types: io.micrometer.tracing.Tracer; SearchStrategy: all) did not find any beans (OnBeanCondition)

   ObservationAutoConfiguration.OnlyMetricsConfiguration matched:
      - @ConditionalOnClass found required class 'io.micrometer.core.instrument.MeterRegistry'; @ConditionalOnMissingClass did not find unwanted class 'io.micrometer.tracing.Tracer' (OnClassCondition)

   PersistenceExceptionTranslationAutoConfiguration matched:
      - @ConditionalOnClass found required class 'org.springframework.dao.annotation.PersistenceExceptionTranslationPostProcessor' (OnClassCondition)

   PersistenceExceptionTranslationAutoConfiguration#persistenceExceptionTranslationPostProcessor matched:
      - @ConditionalOnBooleanProperty (spring.dao.exceptiontranslation.enabled=true) matched (OnPropertyCondition)
      - @ConditionalOnMissingBean (types: org.springframework.dao.annotation.PersistenceExceptionTranslationPostProcessor; SearchStrategy: all) did not find any beans (OnBeanCondition)

   PropertyPlaceholderAutoConfiguration#propertySourcesPlaceholderConfigurer matched:
      - @ConditionalOnMissingBean (types: org.springframework.context.support.PropertySourcesPlaceholderConfigurer; SearchStrategy: current) did not find any beans (OnBeanCondition)

   RepositoryMetricsAutoConfiguration matched:
      - @ConditionalOnClass found required class 'org.springframework.data.repository.Repository' (OnClassCondition)
      - @ConditionalOnBean (types: io.micrometer.core.instrument.MeterRegistry; SearchStrategy: all) found bean 'simpleMeterRegistry' (OnBeanCondition)

   RepositoryMetricsAutoConfiguration#metricsRepositoryMethodInvocationListener matched:
      - @ConditionalOnMissingBean (types: org.springframework.boot.actuate.metrics.data.MetricsRepositoryMethodInvocationListener; SearchStrategy: all) did not find any beans (OnBeanCondition)

   RepositoryMetricsAutoConfiguration#repositoryTagsProvider matched:
      - @ConditionalOnMissingBean (types: org.springframework.boot.actuate.metrics.data.RepositoryTagsProvider; SearchStrategy: all) did not find any beans (OnBeanCondition)

   RestClientAutoConfiguration matched:
      - @ConditionalOnClass found required class 'org.springframework.web.client.RestClient' (OnClassCondition)
      - AnyNestedCondition 1 matched 1 did not; NestedCondition on NotReactiveWebApplicationOrVirtualThreadsExecutorEnabledCondition.VirtualThreadsExecutorEnabled found non-matching nested conditions @ConditionalOnThreading did not find VIRTUAL; NestedCondition on NotReactiveWebApplicationOrVirtualThreadsExecutorEnabledCondition.NotReactiveWebApplication NoneNestedConditions 0 matched 1 did not; NestedCondition on NotReactiveWebApplicationCondition.ReactiveWebApplication did not find reactive web application classes (NotReactiveWebApplicationOrVirtualThreadsExecutorEnabledCondition)

   RestClientAutoConfiguration#httpMessageConvertersRestClientCustomizer matched:
      - @ConditionalOnMissingBean (types: org.springframework.boot.autoconfigure.web.client.HttpMessageConvertersRestClientCustomizer; SearchStrategy: all) did not find any beans (OnBeanCondition)

   RestClientAutoConfiguration#restClientBuilder matched:
      - @ConditionalOnMissingBean (types: org.springframework.web.client.RestClient$Builder; SearchStrategy: all) did not find any beans (OnBeanCondition)

   RestClientAutoConfiguration#restClientBuilderConfigurer matched:
      - @ConditionalOnMissingBean (types: org.springframework.boot.autoconfigure.web.client.RestClientBuilderConfigurer; SearchStrategy: all) did not find any beans (OnBeanCondition)

   RestClientAutoConfiguration#restClientSsl matched:
      - @ConditionalOnBean (types: org.springframework.boot.ssl.SslBundles; SearchStrategy: all) found bean 'sslBundleRegistry'; @ConditionalOnMissingBean (types: org.springframework.boot.autoconfigure.web.client.RestClientSsl; SearchStrategy: all) did not find any beans (OnBeanCondition)

   RestClientObservationConfiguration matched:
      - @ConditionalOnClass found required class 'org.springframework.web.client.RestClient' (OnClassCondition)
      - @ConditionalOnBean (types: org.springframework.web.client.RestClient$Builder; SearchStrategy: all) found bean 'restClientBuilder' (OnBeanCondition)

   RestTemplateAutoConfiguration matched:
      - @ConditionalOnClass found required class 'org.springframework.web.client.RestTemplate' (OnClassCondition)
      - NoneNestedConditions 0 matched 1 did not; NestedCondition on NotReactiveWebApplicationCondition.ReactiveWebApplication did not find reactive web application classes (NotReactiveWebApplicationCondition)

   RestTemplateAutoConfiguration#restTemplateBuilder matched:
      - @ConditionalOnMissingBean (types: org.springframework.boot.web.client.RestTemplateBuilder; SearchStrategy: all) did not find any beans (OnBeanCondition)

   RestTemplateObservationConfiguration matched:
      - @ConditionalOnClass found required class 'org.springframework.web.client.RestTemplate' (OnClassCondition)
      - @ConditionalOnBean (types: org.springframework.boot.web.client.RestTemplateBuilder; SearchStrategy: all) found bean 'restTemplateBuilder' (OnBeanCondition)

   ScheduledTasksObservabilityAutoConfiguration matched:
      - @ConditionalOnClass found required class 'org.springframework.scheduling.concurrent.ThreadPoolTaskScheduler' (OnClassCondition)
      - @ConditionalOnBean (types: io.micrometer.observation.ObservationRegistry; SearchStrategy: all) found bean 'observationRegistry' (OnBeanCondition)

   SecurityAutoConfiguration matched:
      - @ConditionalOnClass found required class 'org.springframework.security.authentication.DefaultAuthenticationEventPublisher' (OnClassCondition)

   SecurityAutoConfiguration#authenticationEventPublisher matched:
      - @ConditionalOnMissingBean (types: org.springframework.security.authentication.AuthenticationEventPublisher; SearchStrategy: all) did not find any beans (OnBeanCondition)

   SecurityFilterAutoConfiguration matched:
      - @ConditionalOnClass found required classes 'org.springframework.security.web.context.AbstractSecurityWebApplicationInitializer', 'org.springframework.security.config.http.SessionCreationPolicy' (OnClassCondition)
      - found 'session' scope (OnWebApplicationCondition)

   SecurityFilterAutoConfiguration#securityFilterChainRegistration matched:
      - @ConditionalOnBean (names: springSecurityFilterChain; SearchStrategy: all) found bean 'springSecurityFilterChain' (OnBeanCondition)

   SecurityRequestMatchersManagementContextConfiguration matched:
      - @ConditionalOnClass found required class 'org.springframework.security.web.util.matcher.RequestMatcher' (OnClassCondition)
      - found 'session' scope (OnWebApplicationCondition)

   SecurityRequestMatchersManagementContextConfiguration.MvcRequestMatcherConfiguration matched:
      - @ConditionalOnClass found required class 'org.springframework.web.servlet.DispatcherServlet' (OnClassCondition)
      - @ConditionalOnBean (types: org.springframework.boot.autoconfigure.web.servlet.DispatcherServletPath; SearchStrategy: all) found bean 'dispatcherServletRegistration' (OnBeanCondition)

   SecurityRequestMatchersManagementContextConfiguration.MvcRequestMatcherConfiguration#requestMatcherProvider matched:
      - @ConditionalOnMissingBean (types: org.springframework.boot.actuate.autoconfigure.security.servlet.RequestMatcherProvider; SearchStrategy: all) did not find any beans (OnBeanCondition)

   ServletEndpointManagementContextConfiguration matched:
      - found 'session' scope (OnWebApplicationCondition)

   ServletEndpointManagementContextConfiguration.WebMvcServletEndpointManagementContextConfiguration matched:
      - @ConditionalOnClass found required class 'org.springframework.web.servlet.DispatcherServlet' (OnClassCondition)

   ServletManagementContextAutoConfiguration matched:
      - @ConditionalOnClass found required class 'jakarta.servlet.Servlet' (OnClassCondition)
      - found 'session' scope (OnWebApplicationCondition)

   ServletWebServerFactoryAutoConfiguration matched:
      - @ConditionalOnClass found required class 'jakarta.servlet.ServletRequest' (OnClassCondition)
      - found 'session' scope (OnWebApplicationCondition)

   ServletWebServerFactoryAutoConfiguration.TomcatConfiguration matched:
      - @ConditionalOnClass found required class 'org.apache.catalina.startup.Tomcat' (OnClassCondition)

   ServletWebServerFactoryConfiguration.EmbeddedTomcat matched:
      - @ConditionalOnClass found required classes 'jakarta.servlet.Servlet', 'org.apache.catalina.startup.Tomcat', 'org.apache.coyote.UpgradeProtocol' (OnClassCondition)
      - @ConditionalOnMissingBean (types: org.springframework.boot.web.servlet.server.ServletWebServerFactory; SearchStrategy: current) did not find any beans (OnBeanCondition)

   SimpleCacheConfiguration matched:
      - Cache org.springframework.boot.autoconfigure.cache.SimpleCacheConfiguration automatic cache type (CacheCondition)

   SimpleMetricsExportAutoConfiguration matched:
      - @ConditionalOnEnabledMetricsExport management.simple.metrics.export.enabled is true (OnMetricsExportEnabledCondition)
      - @ConditionalOnBean (types: io.micrometer.core.instrument.Clock; SearchStrategy: all) found bean 'micrometerClock'; @ConditionalOnMissingBean (types: io.micrometer.core.instrument.MeterRegistry; SearchStrategy: all) did not find any beans (OnBeanCondition)

   SimpleMetricsExportAutoConfiguration#simpleConfig matched:
      - @ConditionalOnMissingBean (types: io.micrometer.core.instrument.simple.SimpleConfig; SearchStrategy: all) did not find any beans (OnBeanCondition)

   SpringBootWebSecurityConfiguration matched:
      - found 'session' scope (OnWebApplicationCondition)

   SpringBootWebSecurityConfiguration.WebSecurityEnablerConfiguration matched:
      - @ConditionalOnClass found required class 'org.springframework.security.config.annotation.web.configuration.EnableWebSecurity' (OnClassCondition)
      - @ConditionalOnMissingBean (names: springSecurityFilterChain; SearchStrategy: all) did not find any beans (OnBeanCondition)

   SpringDataWebAutoConfiguration matched:
      - @ConditionalOnClass found required classes 'org.springframework.data.web.PageableHandlerMethodArgumentResolver', 'org.springframework.web.servlet.config.annotation.WebMvcConfigurer' (OnClassCondition)
      - found 'session' scope (OnWebApplicationCondition)
      - @ConditionalOnMissingBean (types: org.springframework.data.web.PageableHandlerMethodArgumentResolver; SearchStrategy: all) did not find any beans (OnBeanCondition)

   SpringDataWebAutoConfiguration#pageableCustomizer matched:
      - @ConditionalOnMissingBean (types: org.springframework.data.web.config.PageableHandlerMethodArgumentResolverCustomizer; SearchStrategy: all) did not find any beans (OnBeanCondition)

   SpringDataWebAutoConfiguration#sortCustomizer matched:
      - @ConditionalOnMissingBean (types: org.springframework.data.web.config.SortHandlerMethodArgumentResolverCustomizer; SearchStrategy: all) did not find any beans (OnBeanCondition)

   SpringDataWebAutoConfiguration#springDataWebSettings matched:
      - @ConditionalOnMissingBean (types: org.springframework.data.web.config.SpringDataWebSettings; SearchStrategy: all) did not find any beans (OnBeanCondition)

   SslAutoConfiguration#sslBundleRegistry matched:
      - @ConditionalOnMissingBean (types: org.springframework.boot.ssl.SslBundleRegistry,org.springframework.boot.ssl.SslBundles; SearchStrategy: all) did not find any beans (OnBeanCondition)

   SslHealthContributorAutoConfiguration matched:
      - @ConditionalOnEnabledHealthIndicator management.health.defaults.enabled is considered true (OnEnabledHealthIndicatorCondition)

   SslHealthContributorAutoConfiguration#sslHealthIndicator matched:
      - @ConditionalOnMissingBean (names: sslHealthIndicator; SearchStrategy: all) did not find any beans (OnBeanCondition)

   SslHealthContributorAutoConfiguration#sslInfo matched:
      - @ConditionalOnMissingBean (types: org.springframework.boot.info.SslInfo; SearchStrategy: all) did not find any beans (OnBeanCondition)

   SslObservabilityAutoConfiguration matched:
      - @ConditionalOnClass found required class 'io.micrometer.core.instrument.MeterRegistry' (OnClassCondition)
      - @ConditionalOnBean (types: io.micrometer.core.instrument.MeterRegistry,org.springframework.boot.ssl.SslBundles; SearchStrategy: all) found beans 'sslBundleRegistry', 'simpleMeterRegistry' (OnBeanCondition)

   StartupTimeMetricsListenerAutoConfiguration matched:
      - @ConditionalOnClass found required class 'io.micrometer.core.instrument.MeterRegistry' (OnClassCondition)
      - @ConditionalOnBean (types: io.micrometer.core.instrument.MeterRegistry; SearchStrategy: all) found bean 'simpleMeterRegistry' (OnBeanCondition)

   StartupTimeMetricsListenerAutoConfiguration#startupTimeMetrics matched:
      - @ConditionalOnMissingBean (types: org.springframework.boot.actuate.metrics.startup.StartupTimeMetricsListener; SearchStrategy: all) did not find any beans (OnBeanCondition)

   SystemMetricsAutoConfiguration matched:
      - @ConditionalOnClass found required class 'io.micrometer.core.instrument.MeterRegistry' (OnClassCondition)
      - @ConditionalOnBean (types: io.micrometer.core.instrument.MeterRegistry; SearchStrategy: all) found bean 'simpleMeterRegistry' (OnBeanCondition)

   SystemMetricsAutoConfiguration#diskSpaceMetrics matched:
      - @ConditionalOnMissingBean (types: org.springframework.boot.actuate.metrics.system.DiskSpaceMetricsBinder; SearchStrategy: all) did not find any beans (OnBeanCondition)

   SystemMetricsAutoConfiguration#fileDescriptorMetrics matched:
      - @ConditionalOnMissingBean (types: io.micrometer.core.instrument.binder.system.FileDescriptorMetrics; SearchStrategy: all) did not find any beans (OnBeanCondition)

   SystemMetricsAutoConfiguration#processorMetrics matched:
      - @ConditionalOnMissingBean (types: io.micrometer.core.instrument.binder.system.ProcessorMetrics; SearchStrategy: all) did not find any beans (OnBeanCondition)

   SystemMetricsAutoConfiguration#uptimeMetrics matched:
      - @ConditionalOnMissingBean (types: io.micrometer.core.instrument.binder.system.UptimeMetrics; SearchStrategy: all) did not find any beans (OnBeanCondition)

   TaskExecutionAutoConfiguration matched:
      - @ConditionalOnClass found required class 'org.springframework.scheduling.concurrent.ThreadPoolTaskExecutor' (OnClassCondition)

   TaskExecutorConfigurations.AsyncConfigurerConfiguration matched:
      - @ConditionalOnMissingBean (types: org.springframework.scheduling.annotation.AsyncConfigurer; SearchStrategy: all) did not find any beans (OnBeanCondition)

   TaskExecutorConfigurations.AsyncConfigurerConfiguration#applicationTaskExecutorAsyncConfigurer matched:
      - @ConditionalOnMissingBean (types: org.springframework.scheduling.annotation.AsyncConfigurer; SearchStrategy: all) did not find any beans (OnBeanCondition)

   TaskExecutorConfigurations.SimpleAsyncTaskExecutorBuilderConfiguration#simpleAsyncTaskExecutorBuilder matched:
      - @ConditionalOnMissingBean (types: org.springframework.boot.task.SimpleAsyncTaskExecutorBuilder; SearchStrategy: all) did not find any beans (OnBeanCondition)
      - @ConditionalOnThreading found PLATFORM (OnThreadingCondition)

   TaskExecutorConfigurations.TaskExecutorConfiguration matched:
      - AnyNestedCondition 1 matched 1 did not; NestedCondition on TaskExecutorConfigurations.OnExecutorCondition.ModelCondition @ConditionalOnProperty (spring.task.execution.mode=force) did not find property 'spring.task.execution.mode'; NestedCondition on TaskExecutorConfigurations.OnExecutorCondition.ExecutorBeanCondition @ConditionalOnMissingBean (types: java.util.concurrent.Executor; SearchStrategy: all) did not find any beans (TaskExecutorConfigurations.OnExecutorCondition)

   TaskExecutorConfigurations.TaskExecutorConfiguration#applicationTaskExecutor matched:
      - @ConditionalOnThreading found PLATFORM (OnThreadingCondition)

   TaskExecutorConfigurations.ThreadPoolTaskExecutorBuilderConfiguration#threadPoolTaskExecutorBuilder matched:
      - @ConditionalOnMissingBean (types: org.springframework.boot.task.ThreadPoolTaskExecutorBuilder; SearchStrategy: all) did not find any beans (OnBeanCondition)

   TaskExecutorMetricsAutoConfiguration matched:
      - @ConditionalOnClass found required class 'io.micrometer.core.instrument.binder.jvm.ExecutorServiceMetrics' (OnClassCondition)
      - @ConditionalOnBean (types: java.util.concurrent.Executor,io.micrometer.core.instrument.MeterRegistry; SearchStrategy: all) found beans 'applicationTaskExecutor', 'simpleMeterRegistry' (OnBeanCondition)

   TaskSchedulingAutoConfiguration matched:
      - @ConditionalOnClass found required class 'org.springframework.scheduling.concurrent.ThreadPoolTaskScheduler' (OnClassCondition)

   TaskSchedulingConfigurations.SimpleAsyncTaskSchedulerBuilderConfiguration#simpleAsyncTaskSchedulerBuilder matched:
      - @ConditionalOnMissingBean (types: org.springframework.boot.task.SimpleAsyncTaskSchedulerBuilder; SearchStrategy: all) did not find any beans (OnBeanCondition)
      - @ConditionalOnThreading found PLATFORM (OnThreadingCondition)

   TaskSchedulingConfigurations.ThreadPoolTaskSchedulerBuilderConfiguration#threadPoolTaskSchedulerBuilder matched:
      - @ConditionalOnMissingBean (types: org.springframework.boot.task.ThreadPoolTaskSchedulerBuilder; SearchStrategy: all) did not find any beans (OnBeanCondition)

   TomcatMetricsAutoConfiguration matched:
      - @ConditionalOnClass found required classes 'io.micrometer.core.instrument.binder.tomcat.TomcatMetrics', 'org.apache.catalina.Manager' (OnClassCondition)
      - @ConditionalOnWebApplication (required) found 'session' scope (OnWebApplicationCondition)

   TomcatMetricsAutoConfiguration#tomcatMetricsBinder matched:
      - @ConditionalOnBean (types: io.micrometer.core.instrument.MeterRegistry; SearchStrategy: all) found bean 'simpleMeterRegistry'; @ConditionalOnMissingBean (types: io.micrometer.core.instrument.binder.tomcat.TomcatMetrics,org.springframework.boot.actuate.metrics.web.tomcat.TomcatMetricsBinder; SearchStrategy: all) did not find any beans (OnBeanCondition)

   TransactionAutoConfiguration matched:
      - @ConditionalOnClass found required class 'org.springframework.transaction.PlatformTransactionManager' (OnClassCondition)

   TransactionAutoConfiguration.EnableTransactionManagementConfiguration matched:
      - @ConditionalOnBean (types: org.springframework.transaction.TransactionManager; SearchStrategy: all) found bean 'transactionManager'; @ConditionalOnMissingBean (types: org.springframework.transaction.annotation.AbstractTransactionManagementConfiguration; SearchStrategy: all) did not find any beans (OnBeanCondition)

   TransactionAutoConfiguration.EnableTransactionManagementConfiguration.CglibAutoProxyConfiguration matched:
      - @ConditionalOnBooleanProperty (spring.aop.proxy-target-class=true) matched (OnPropertyCondition)

   TransactionAutoConfiguration.TransactionTemplateConfiguration matched:
      - @ConditionalOnSingleCandidate (types: org.springframework.transaction.PlatformTransactionManager; SearchStrategy: all) found a single bean 'transactionManager' (OnBeanCondition)

   TransactionAutoConfiguration.TransactionTemplateConfiguration#transactionTemplate matched:
      - @ConditionalOnMissingBean (types: org.springframework.transaction.support.TransactionOperations; SearchStrategy: all) did not find any beans (OnBeanCondition)

   TransactionManagerCustomizationAutoConfiguration matched:
      - @ConditionalOnClass found required class 'org.springframework.transaction.PlatformTransactionManager' (OnClassCondition)

   TransactionManagerCustomizationAutoConfiguration#platformTransactionManagerCustomizers matched:
      - @ConditionalOnMissingBean (types: org.springframework.boot.autoconfigure.transaction.TransactionManagerCustomizers; SearchStrategy: all) did not find any beans (OnBeanCondition)

   ValidationAutoConfiguration matched:
      - @ConditionalOnClass found required class 'jakarta.validation.executable.ExecutableValidator' (OnClassCondition)
      - @ConditionalOnResource found location classpath:META-INF/services/jakarta.validation.spi.ValidationProvider (OnResourceCondition)

   ValidationAutoConfiguration#defaultValidator matched:
      - @ConditionalOnMissingBean (types: jakarta.validation.Validator; SearchStrategy: all) did not find any beans (OnBeanCondition)

   ValidationAutoConfiguration#methodValidationPostProcessor matched:
      - @ConditionalOnMissingBean (types: org.springframework.validation.beanvalidation.MethodValidationPostProcessor; SearchStrategy: current) did not find any beans (OnBeanCondition)

   WebEndpointAutoConfiguration matched:
      - @ConditionalOnWebApplication (required) found 'session' scope (OnWebApplicationCondition)

   WebEndpointAutoConfiguration#controllerEndpointDiscoverer matched:
      - @ConditionalOnMissingBean (types: org.springframework.boot.actuate.endpoint.web.annotation.ControllerEndpointsSupplier; SearchStrategy: all) did not find any beans (OnBeanCondition)

   WebEndpointAutoConfiguration#endpointMediaTypes matched:
      - @ConditionalOnMissingBean (types: org.springframework.boot.actuate.endpoint.web.EndpointMediaTypes; SearchStrategy: all) did not find any beans (OnBeanCondition)

   WebEndpointAutoConfiguration#pathMappedEndpoints matched:
      - @ConditionalOnMissingBean (types: org.springframework.boot.actuate.endpoint.web.PathMappedEndpoints; SearchStrategy: all) did not find any beans (OnBeanCondition)

   WebEndpointAutoConfiguration#webEndpointDiscoverer matched:
      - @ConditionalOnMissingBean (types: org.springframework.boot.actuate.endpoint.web.WebEndpointsSupplier; SearchStrategy: all) did not find any beans (OnBeanCondition)

   WebEndpointAutoConfiguration.WebEndpointServletConfiguration matched:
      - found 'session' scope (OnWebApplicationCondition)

   WebEndpointAutoConfiguration.WebEndpointServletConfiguration#servletEndpointDiscoverer matched:
      - @ConditionalOnMissingBean (types: org.springframework.boot.actuate.endpoint.web.annotation.ServletEndpointsSupplier; SearchStrategy: all) did not find any beans (OnBeanCondition)

   WebMvcAutoConfiguration matched:
      - @ConditionalOnClass found required classes 'jakarta.servlet.Servlet', 'org.springframework.web.servlet.DispatcherServlet', 'org.springframework.web.servlet.config.annotation.WebMvcConfigurer' (OnClassCondition)
      - found 'session' scope (OnWebApplicationCondition)
      - @ConditionalOnMissingBean (types: org.springframework.web.servlet.config.annotation.WebMvcConfigurationSupport; SearchStrategy: all) did not find any beans (OnBeanCondition)

   WebMvcAutoConfiguration#formContentFilter matched:
      - @ConditionalOnBooleanProperty (spring.mvc.formcontent.filter.enabled=true) matched (OnPropertyCondition)
      - @ConditionalOnMissingBean (types: org.springframework.web.filter.FormContentFilter; SearchStrategy: all) did not find any beans (OnBeanCondition)

   WebMvcAutoConfiguration.EnableWebMvcConfiguration#flashMapManager matched:
      - @ConditionalOnMissingBean (names: flashMapManager; SearchStrategy: all) did not find any beans (OnBeanCondition)

   WebMvcAutoConfiguration.EnableWebMvcConfiguration#localeResolver matched:
      - @ConditionalOnMissingBean (names: localeResolver; SearchStrategy: all) did not find any beans (OnBeanCondition)

   WebMvcAutoConfiguration.EnableWebMvcConfiguration#themeResolver matched:
      - @ConditionalOnMissingBean (names: themeResolver; SearchStrategy: all) did not find any beans (OnBeanCondition)

   WebMvcAutoConfiguration.EnableWebMvcConfiguration#viewNameTranslator matched:
      - @ConditionalOnMissingBean (names: viewNameTranslator; SearchStrategy: all) did not find any beans (OnBeanCondition)

   WebMvcAutoConfiguration.WebMvcAutoConfigurationAdapter#defaultViewResolver matched:
      - @ConditionalOnMissingBean (types: org.springframework.web.servlet.view.InternalResourceViewResolver; SearchStrategy: all) did not find any beans (OnBeanCondition)

   WebMvcAutoConfiguration.WebMvcAutoConfigurationAdapter#requestContextFilter matched:
      - @ConditionalOnMissingBean (types: org.springframework.web.context.request.RequestContextListener,org.springframework.web.filter.RequestContextFilter; SearchStrategy: all) did not find any beans (OnBeanCondition)

   WebMvcAutoConfiguration.WebMvcAutoConfigurationAdapter#viewResolver matched:
      - @ConditionalOnBean (types: org.springframework.web.servlet.ViewResolver; SearchStrategy: all) found beans 'defaultViewResolver', 'beanNameViewResolver', 'mvcViewResolver'; @ConditionalOnMissingBean (names: viewResolver types: org.springframework.web.servlet.view.ContentNegotiatingViewResolver; SearchStrategy: all) did not find any beans (OnBeanCondition)

   WebMvcEndpointManagementContextConfiguration matched:
      - @ConditionalOnClass found required class 'org.springframework.web.servlet.DispatcherServlet' (OnClassCondition)
      - found 'session' scope (OnWebApplicationCondition)
      - @ConditionalOnBean (types: org.springframework.web.servlet.DispatcherServlet,org.springframework.boot.actuate.endpoint.web.WebEndpointsSupplier; SearchStrategy: all) found beans 'webEndpointDiscoverer', 'dispatcherServlet' (OnBeanCondition)

   WebMvcEndpointManagementContextConfiguration#controllerEndpointHandlerMapping matched:
      - @ConditionalOnMissingBean (types: org.springframework.boot.actuate.endpoint.web.servlet.ControllerEndpointHandlerMapping; SearchStrategy: all) did not find any beans (OnBeanCondition)

   WebMvcEndpointManagementContextConfiguration#endpointObjectMapperWebMvcConfigurer matched:
      - @ConditionalOnBean (types: org.springframework.boot.actuate.endpoint.jackson.EndpointObjectMapper; SearchStrategy: all) found bean 'endpointObjectMapper' (OnBeanCondition)

   WebMvcEndpointManagementContextConfiguration#webEndpointServletHandlerMapping matched:
      - @ConditionalOnMissingBean (types: org.springframework.boot.actuate.endpoint.web.servlet.WebMvcEndpointHandlerMapping; SearchStrategy: all) did not find any beans (OnBeanCondition)

   WebMvcObservationAutoConfiguration matched:
      - @ConditionalOnClass found required classes 'org.springframework.web.servlet.DispatcherServlet', 'io.micrometer.observation.Observation' (OnClassCondition)
      - found 'session' scope (OnWebApplicationCondition)
      - @ConditionalOnBean (types: io.micrometer.observation.ObservationRegistry; SearchStrategy: all) found bean 'observationRegistry' (OnBeanCondition)

   WebMvcObservationAutoConfiguration#webMvcObservationFilter matched:
      - @ConditionalOnMissingBean (types: org.springframework.web.filter.ServerHttpObservationFilter; SearchStrategy: all) did not find any beans (OnBeanCondition)

   WebMvcObservationAutoConfiguration.MeterFilterConfiguration matched:
      - @ConditionalOnClass found required class 'io.micrometer.core.instrument.MeterRegistry' (OnClassCondition)
      - @ConditionalOnBean (types: io.micrometer.core.instrument.MeterRegistry; SearchStrategy: all) found bean 'simpleMeterRegistry' (OnBeanCondition)

   WebSocketServletAutoConfiguration matched:
      - @ConditionalOnClass found required classes 'jakarta.servlet.Servlet', 'jakarta.websocket.server.ServerContainer' (OnClassCondition)
      - found 'session' scope (OnWebApplicationCondition)

   WebSocketServletAutoConfiguration.TomcatWebSocketConfiguration matched:
      - @ConditionalOnClass found required classes 'org.apache.catalina.startup.Tomcat', 'org.apache.tomcat.websocket.server.WsSci' (OnClassCondition)

   WebSocketServletAutoConfiguration.TomcatWebSocketConfiguration#websocketServletWebServerCustomizer matched:
      - @ConditionalOnMissingBean (names: websocketServletWebServerCustomizer; SearchStrategy: all) did not find any beans (OnBeanCondition)


Negative matches:
-----------------

   ActiveMQAutoConfiguration:
      Did not match:
         - @ConditionalOnClass did not find required class 'jakarta.jms.ConnectionFactory' (OnClassCondition)

   AopAutoConfiguration.AspectJAutoProxyingConfiguration.JdkDynamicAutoProxyConfiguration:
      Did not match:
         - @ConditionalOnBooleanProperty (spring.aop.proxy-target-class=false) did not find property 'spring.aop.proxy-target-class' (OnPropertyCondition)

   AopAutoConfiguration.ClassProxyingConfiguration:
      Did not match:
         - @ConditionalOnMissingClass found unwanted class 'org.aspectj.weaver.Advice' (OnClassCondition)

   AppOpticsMetricsExportAutoConfiguration:
      Did not match:
         - @ConditionalOnClass did not find required class 'io.micrometer.appoptics.AppOpticsMeterRegistry' (OnClassCondition)

   ArtemisAutoConfiguration:
      Did not match:
         - @ConditionalOnClass did not find required class 'jakarta.jms.ConnectionFactory' (OnClassCondition)

   AtlasMetricsExportAutoConfiguration:
      Did not match:
         - @ConditionalOnClass did not find required class 'io.micrometer.atlas.AtlasMeterRegistry' (OnClassCondition)

   AuditAutoConfiguration:
      Did not match:
         - @ConditionalOnBean (types: org.springframework.boot.actuate.audit.AuditEventRepository; SearchStrategy: all) did not find any beans of type org.springframework.boot.actuate.audit.AuditEventRepository (OnBeanCondition)
      Matched:
         - @ConditionalOnBooleanProperty (management.auditevents.enabled=true) matched (OnPropertyCondition)

   AuditAutoConfiguration.AuthenticationAuditConfiguration:
      Did not match:
         - Ancestor org.springframework.boot.actuate.autoconfigure.audit.AuditAutoConfiguration did not match (ConditionEvaluationReport.AncestorsMatchedCondition)
      Matched:
         - @ConditionalOnClass found required class 'org.springframework.security.authentication.event.AbstractAuthenticationEvent' (OnClassCondition)

   AuditAutoConfiguration.AuthorizationAuditConfiguration:
      Did not match:
         - Ancestor org.springframework.boot.actuate.autoconfigure.audit.AuditAutoConfiguration did not match (ConditionEvaluationReport.AncestorsMatchedCondition)
      Matched:
         - @ConditionalOnClass found required class 'org.springframework.security.access.event.AbstractAuthorizationEvent' (OnClassCondition)

   AuditEventsEndpointAutoConfiguration:
      Did not match:
         - @ConditionalOnAvailableEndpoint not exposed (OnAvailableEndpointCondition)

   AvailabilityHealthContributorAutoConfiguration#livenessStateHealthIndicator:
      Did not match:
         - @ConditionalOnBooleanProperty (management.health.livenessstate.enabled=true) did not find property 'management.health.livenessstate.enabled' (OnPropertyCondition)

   AvailabilityHealthContributorAutoConfiguration#readinessStateHealthIndicator:
      Did not match:
         - @ConditionalOnBooleanProperty (management.health.readinessstate.enabled=true) did not find property 'management.health.readinessstate.enabled' (OnPropertyCondition)

   AvailabilityProbesAutoConfiguration:
      Did not match:
         - Probes availability not running on a supported cloud platform (AvailabilityProbesAutoConfiguration.ProbesCondition)

   BatchAutoConfiguration:
      Did not match:
         - @ConditionalOnClass did not find required class 'org.springframework.batch.core.launch.JobLauncher' (OnClassCondition)

   BatchObservationAutoConfiguration:
[...]
2026-05-06T10:12:29.625+10:00 DEBUG 37608 --- [rualingo-test] [           main] m.m.a.RequestResponseBodyMethodProcessor : Read "application/json;charset=UTF-8" to [com.example.rualingo.DTO.RegisterRequestDTO@66a4e1ef]
2026-05-06T10:12:29.626+10:00 DEBUG 37608 --- [rualingo-test] [           main] org.hibernate.SQL                        : select u1_0."user_id" from "user" u1_0 where u1_0."username"=? fetch first ? rows only
2026-05-06T10:12:29.627+10:00 DEBUG 37608 --- [rualingo-test] [           main] org.hibernate.SQL                        : select u1_0."user_id" from "user" u1_0 where u1_0."email"=? fetch first ? rows only
2026-05-06T10:12:29.740+10:00 DEBUG 37608 --- [rualingo-test] [           main] org.hibernate.SQL                        : select count(u1_0."user_id") from "user" u1_0 left join "role" r1_0 on r1_0."role_id"=u1_0."role_id" where upper(r1_0."name")=upper(?)
2026-05-06T10:12:29.742+10:00 DEBUG 37608 --- [rualingo-test] [           main] org.hibernate.SQL                        : select r1_0."role_id",r1_0."description",r1_0."name" from "role" r1_0 where r1_0."name"=?
2026-05-06T10:12:29.743+10:00 DEBUG 37608 --- [rualingo-test] [           main] org.hibernate.SQL                        : insert into "user" ("auth_provider","date_of_birth","email","first_name","gender","is_active","password","profile_picture","profile_picture_crop_height","profile_picture_crop_width","profile_picture_crop_x","profile_picture_crop_y","provider_user_id","province_of_origin","role_id","second_name","username","user_id") values (?,?,?,?,?,?,?,?,?,?,?,?,?,?,?,?,?,default)
2026-05-06T10:12:29.744+10:00 DEBUG 37608 --- [rualingo-test] [           main] org.hibernate.SQL                        : select l1_0."login_id",l1_0."user_id" from "login" l1_0 where l1_0."user_id"=?
2026-05-06T10:12:29.745+10:00 DEBUG 37608 --- [rualingo-test] [           main] org.hibernate.SQL                        : insert into "login" ("user_id","login_id") values (?,default)
2026-05-06T10:12:29.747+10:00 DEBUG 37608 --- [rualingo-test] [           main] o.s.w.s.m.m.a.HttpEntityMethodProcessor  : Using 'application/json', given [*/*] and supported [application/json, application/*+json]
2026-05-06T10:12:29.747+10:00 DEBUG 37608 --- [rualingo-test] [           main] o.s.w.s.m.m.a.HttpEntityMethodProcessor  : Writing [com.example.rualingo.DTO.AuthResponseDTO@1cccf90d]
2026-05-06T10:12:29.749+10:00 DEBUG 37608 --- [rualingo-test] [           main] s.w.s.m.m.a.RequestMappingHandlerMapping : Mapped to com.example.rualingo.controller.AuthController#register(RegisterRequestDTO)
2026-05-06T10:12:29.750+10:00 DEBUG 37608 --- [rualingo-test] [           main] m.m.a.RequestResponseBodyMethodProcessor : Read "application/json;charset=UTF-8" to [com.example.rualingo.DTO.RegisterRequestDTO@601ebfa1]
2026-05-06T10:12:29.751+10:00 DEBUG 37608 --- [rualingo-test] [           main] org.hibernate.SQL                        : select u1_0."user_id" from "user" u1_0 where u1_0."username"=? fetch first ? rows only
2026-05-06T10:12:29.752+10:00 DEBUG 37608 --- [rualingo-test] [           main] org.hibernate.SQL                        : select u1_0."user_id" from "user" u1_0 where u1_0."email"=? fetch first ? rows only
2026-05-06T10:12:29.865+10:00 DEBUG 37608 --- [rualingo-test] [           main] org.hibernate.SQL                        : select count(u1_0."user_id") from "user" u1_0 left join "role" r1_0 on r1_0."role_id"=u1_0."role_id" where upper(r1_0."name")=upper(?)
2026-05-06T10:12:29.867+10:00 DEBUG 37608 --- [rualingo-test] [           main] org.hibernate.SQL                        : select r1_0."role_id",r1_0."description",r1_0."name" from "role" r1_0 where r1_0."name"=?
2026-05-06T10:12:29.868+10:00 DEBUG 37608 --- [rualingo-test] [           main] org.hibernate.SQL                        : insert into "user" ("auth_provider","date_of_birth","email","first_name","gender","is_active","password","profile_picture","profile_picture_crop_height","profile_picture_crop_width","profile_picture_crop_x","profile_picture_crop_y","provider_user_id","province_of_origin","role_id","second_name","username","user_id") values (?,?,?,?,?,?,?,?,?,?,?,?,?,?,?,?,?,default)
2026-05-06T10:12:29.869+10:00 DEBUG 37608 --- [rualingo-test] [           main] org.hibernate.SQL                        : select l1_0."login_id",l1_0."user_id" from "login" l1_0 where l1_0."user_id"=?
2026-05-06T10:12:29.870+10:00 DEBUG 37608 --- [rualingo-test] [           main] org.hibernate.SQL                        : insert into "login" ("user_id","login_id") values (?,default)
2026-05-06T10:12:29.871+10:00 DEBUG 37608 --- [rualingo-test] [           main] o.s.w.s.m.m.a.HttpEntityMethodProcessor  : Using 'application/json', given [*/*] and supported [application/json, application/*+json]
2026-05-06T10:12:29.871+10:00 DEBUG 37608 --- [rualingo-test] [           main] o.s.w.s.m.m.a.HttpEntityMethodProcessor  : Writing [com.example.rualingo.DTO.AuthResponseDTO@78483404]
2026-05-06T10:12:29.873+10:00 DEBUG 37608 --- [rualingo-test] [           main] s.w.s.m.m.a.RequestMappingHandlerMapping : Mapped to com.example.rualingo.controller.AuthController#register(RegisterRequestDTO)
2026-05-06T10:12:29.874+10:00 DEBUG 37608 --- [rualingo-test] [           main] m.m.a.RequestResponseBodyMethodProcessor : Read "application/json;charset=UTF-8" to [com.example.rualingo.DTO.RegisterRequestDTO@180e1754]
2026-05-06T10:12:29.875+10:00 DEBUG 37608 --- [rualingo-test] [           main] org.hibernate.SQL                        : select u1_0."user_id" from "user" u1_0 where u1_0."username"=? fetch first ? rows only
2026-05-06T10:12:29.876+10:00 DEBUG 37608 --- [rualingo-test] [           main] org.hibernate.SQL                        : select u1_0."user_id" from "user" u1_0 where u1_0."email"=? fetch first ? rows only
2026-05-06T10:12:29.990+10:00 DEBUG 37608 --- [rualingo-test] [           main] org.hibernate.SQL                        : select count(u1_0."user_id") from "user" u1_0 left join "role" r1_0 on r1_0."role_id"=u1_0."role_id" where upper(r1_0."name")=upper(?)
2026-05-06T10:12:29.991+10:00 DEBUG 37608 --- [rualingo-test] [           main] org.hibernate.SQL                        : select r1_0."role_id",r1_0."description",r1_0."name" from "role" r1_0 where r1_0."name"=?
2026-05-06T10:12:29.992+10:00 DEBUG 37608 --- [rualingo-test] [           main] org.hibernate.SQL                        : insert into "user" ("auth_provider","date_of_birth","email","first_name","gender","is_active","password","profile_picture","profile_picture_crop_height","profile_picture_crop_width","profile_picture_crop_x","profile_picture_crop_y","provider_user_id","province_of_origin","role_id","second_name","username","user_id") values (?,?,?,?,?,?,?,?,?,?,?,?,?,?,?,?,?,default)
2026-05-06T10:12:29.994+10:00 DEBUG 37608 --- [rualingo-test] [           main] org.hibernate.SQL                        : select l1_0."login_id",l1_0."user_id" from "login" l1_0 where l1_0."user_id"=?
2026-05-06T10:12:29.994+10:00 DEBUG 37608 --- [rualingo-test] [           main] org.hibernate.SQL                        : insert into "login" ("user_id","login_id") values (?,default)
2026-05-06T10:12:29.996+10:00 DEBUG 37608 --- [rualingo-test] [           main] o.s.w.s.m.m.a.HttpEntityMethodProcessor  : Using 'application/json', given [*/*] and supported [application/json, application/*+json]
2026-05-06T10:12:29.996+10:00 DEBUG 37608 --- [rualingo-test] [           main] o.s.w.s.m.m.a.HttpEntityMethodProcessor  : Writing [com.example.rualingo.DTO.AuthResponseDTO@26c79134]
2026-05-06T10:12:29.998+10:00 DEBUG 37608 --- [rualingo-test] [           main] s.w.s.m.m.a.RequestMappingHandlerMapping : Mapped to com.example.rualingo.controller.AuthController#register(RegisterRequestDTO)
2026-05-06T10:12:29.999+10:00 DEBUG 37608 --- [rualingo-test] [           main] m.m.a.RequestResponseBodyMethodProcessor : Read "application/json;charset=UTF-8" to [com.example.rualingo.DTO.RegisterRequestDTO@17baf642]
2026-05-06T10:12:30.000+10:00 DEBUG 37608 --- [rualingo-test] [           main] org.hibernate.SQL                        : select u1_0."user_id" from "user" u1_0 where u1_0."username"=? fetch first ? rows only
2026-05-06T10:12:30.001+10:00 DEBUG 37608 --- [rualingo-test] [           main] org.hibernate.SQL                        : select u1_0."user_id" from "user" u1_0 where u1_0."email"=? fetch first ? rows only
2026-05-06T10:12:30.115+10:00 DEBUG 37608 --- [rualingo-test] [           main] org.hibernate.SQL                        : select count(u1_0."user_id") from "user" u1_0 left join "role" r1_0 on r1_0."role_id"=u1_0."role_id" where upper(r1_0."name")=upper(?)
2026-05-06T10:12:30.117+10:00 DEBUG 37608 --- [rualingo-test] [           main] org.hibernate.SQL                        : select r1_0."role_id",r1_0."description",r1_0."name" from "role" r1_0 where r1_0."name"=?
2026-05-06T10:12:30.118+10:00 DEBUG 37608 --- [rualingo-test] [           main] org.hibernate.SQL                        : insert into "user" ("auth_provider","date_of_birth","email","first_name","gender","is_active","password","profile_picture","profile_picture_crop_height","profile_picture_crop_width","profile_picture_crop_x","profile_picture_crop_y","provider_user_id","province_of_origin","role_id","second_name","username","user_id") values (?,?,?,?,?,?,?,?,?,?,?,?,?,?,?,?,?,default)
2026-05-06T10:12:30.119+10:00 DEBUG 37608 --- [rualingo-test] [           main] org.hibernate.SQL                        : select l1_0."login_id",l1_0."user_id" from "login" l1_0 where l1_0."user_id"=?
2026-05-06T10:12:30.119+10:00 DEBUG 37608 --- [rualingo-test] [           main] org.hibernate.SQL                        : insert into "login" ("user_id","login_id") values (?,default)
2026-05-06T10:12:30.121+10:00 DEBUG 37608 --- [rualingo-test] [           main] o.s.w.s.m.m.a.HttpEntityMethodProcessor  : Using 'application/json', given [*/*] and supported [application/json, application/*+json]
2026-05-06T10:12:30.121+10:00 DEBUG 37608 --- [rualingo-test] [           main] o.s.w.s.m.m.a.HttpEntityMethodProcessor  : Writing [com.example.rualingo.DTO.AuthResponseDTO@2515ed62]
2026-05-06T10:12:30.123+10:00 DEBUG 37608 --- [rualingo-test] [           main] s.w.s.m.m.a.RequestMappingHandlerMapping : Mapped to com.example.rualingo.controller.AuthController#register(RegisterRequestDTO)
2026-05-06T10:12:30.123+10:00 DEBUG 37608 --- [rualingo-test] [           main] m.m.a.RequestResponseBodyMethodProcessor : Read "application/json;charset=UTF-8" to [com.example.rualingo.DTO.RegisterRequestDTO@38f9e69b]
2026-05-06T10:12:30.124+10:00 DEBUG 37608 --- [rualingo-test] [           main] org.hibernate.SQL                        : select u1_0."user_id" from "user" u1_0 where u1_0."username"=? fetch first ? rows only
2026-05-06T10:12:30.125+10:00 DEBUG 37608 --- [rualingo-test] [           main] org.hibernate.SQL                        : select u1_0."user_id" from "user" u1_0 where u1_0."email"=? fetch first ? rows only
2026-05-06T10:12:30.239+10:00 DEBUG 37608 --- [rualingo-test] [           main] org.hibernate.SQL                        : select count(u1_0."user_id") from "user" u1_0 left join "role" r1_0 on r1_0."role_id"=u1_0."role_id" where upper(r1_0."name")=upper(?)
2026-05-06T10:12:30.240+10:00 DEBUG 37608 --- [rualingo-test] [           main] org.hibernate.SQL                        : select r1_0."role_id",r1_0."description",r1_0."name" from "role" r1_0 where r1_0."name"=?
2026-05-06T10:12:30.241+10:00 DEBUG 37608 --- [rualingo-test] [           main] org.hibernate.SQL                        : insert into "user" ("auth_provider","date_of_birth","email","first_name","gender","is_active","password","profile_picture","profile_picture_crop_height","profile_picture_crop_width","profile_picture_crop_x","profile_picture_crop_y","provider_user_id","province_of_origin","role_id","second_name","username","user_id") values (?,?,?,?,?,?,?,?,?,?,?,?,?,?,?,?,?,default)
2026-05-06T10:12:30.243+10:00 DEBUG 37608 --- [rualingo-test] [           main] org.hibernate.SQL                        : select l1_0."login_id",l1_0."user_id" from "login" l1_0 where l1_0."user_id"=?
2026-05-06T10:12:30.243+10:00 DEBUG 37608 --- [rualingo-test] [           main] org.hibernate.SQL                        : insert into "login" ("user_id","login_id") values (?,default)
2026-05-06T10:12:30.245+10:00 DEBUG 37608 --- [rualingo-test] [           main] o.s.w.s.m.m.a.HttpEntityMethodProcessor  : Using 'application/json', given [*/*] and supported [application/json, application/*+json]
2026-05-06T10:12:30.245+10:00 DEBUG 37608 --- [rualingo-test] [           main] o.s.w.s.m.m.a.HttpEntityMethodProcessor  : Writing [com.example.rualingo.DTO.AuthResponseDTO@4214a4cb]
2026-05-06T10:12:30.248+10:00 DEBUG 37608 --- [rualingo-test] [           main] s.w.s.m.m.a.RequestMappingHandlerMapping : Mapped to com.example.rualingo.controller.AuthController#register(RegisterRequestDTO)
2026-05-06T10:12:30.248+10:00 DEBUG 37608 --- [rualingo-test] [           main] m.m.a.RequestResponseBodyMethodProcessor : Read "application/json;charset=UTF-8" to [com.example.rualingo.DTO.RegisterRequestDTO@28d9bd86]
2026-05-06T10:12:30.250+10:00 DEBUG 37608 --- [rualingo-test] [           main] org.hibernate.SQL                        : select u1_0."user_id" from "user" u1_0 where u1_0."username"=? fetch first ? rows only
2026-05-06T10:12:30.250+10:00 DEBUG 37608 --- [rualingo-test] [           main] org.hibernate.SQL                        : select u1_0."user_id" from "user" u1_0 where u1_0."email"=? fetch first ? rows only
2026-05-06T10:12:30.364+10:00 DEBUG 37608 --- [rualingo-test] [           main] org.hibernate.SQL                        : select count(u1_0."user_id") from "user" u1_0 left join "role" r1_0 on r1_0."role_id"=u1_0."role_id" where upper(r1_0."name")=upper(?)
2026-05-06T10:12:30.365+10:00 DEBUG 37608 --- [rualingo-test] [           main] org.hibernate.SQL                        : select r1_0."role_id",r1_0."description",r1_0."name" from "role" r1_0 where r1_0."name"=?
2026-05-06T10:12:30.366+10:00 DEBUG 37608 --- [rualingo-test] [           main] org.hibernate.SQL                        : insert into "user" ("auth_provider","date_of_birth","email","first_name","gender","is_active","password","profile_picture","profile_picture_crop_height","profile_picture_crop_width","profile_picture_crop_x","profile_picture_crop_y","provider_user_id","province_of_origin","role_id","second_name","username","user_id") values (?,?,?,?,?,?,?,?,?,?,?,?,?,?,?,?,?,default)
2026-05-06T10:12:30.368+10:00 DEBUG 37608 --- [rualingo-test] [           main] org.hibernate.SQL                        : select l1_0."login_id",l1_0."user_id" from "login" l1_0 where l1_0."user_id"=?
2026-05-06T10:12:30.369+10:00 DEBUG 37608 --- [rualingo-test] [           main] org.hibernate.SQL                        : insert into "login" ("user_id","login_id") values (?,default)
2026-05-06T10:12:30.370+10:00 DEBUG 37608 --- [rualingo-test] [           main] o.s.w.s.m.m.a.HttpEntityMethodProcessor  : Using 'application/json', given [*/*] and supported [application/json, application/*+json]
2026-05-06T10:12:30.370+10:00 DEBUG 37608 --- [rualingo-test] [           main] o.s.w.s.m.m.a.HttpEntityMethodProcessor  : Writing [com.example.rualingo.DTO.AuthResponseDTO@15d301f2]
2026-05-06T10:12:30.372+10:00 DEBUG 37608 --- [rualingo-test] [           main] s.w.s.m.m.a.RequestMappingHandlerMapping : Mapped to com.example.rualingo.controller.AuthController#register(RegisterRequestDTO)
2026-05-06T10:12:30.373+10:00 DEBUG 37608 --- [rualingo-test] [           main] m.m.a.RequestResponseBodyMethodProcessor : Read "application/json;charset=UTF-8" to [com.example.rualingo.DTO.RegisterRequestDTO@bf0e435]
2026-05-06T10:12:30.374+10:00 DEBUG 37608 --- [rualingo-test] [           main] org.hibernate.SQL                        : select u1_0."user_id" from "user" u1_0 where u1_0."username"=? fetch first ? rows only
2026-05-06T10:12:30.375+10:00 DEBUG 37608 --- [rualingo-test] [           main] org.hibernate.SQL                        : select u1_0."user_id" from "user" u1_0 where u1_0."email"=? fetch first ? rows only
2026-05-06T10:12:30.489+10:00 DEBUG 37608 --- [rualingo-test] [           main] org.hibernate.SQL                        : select count(u1_0."user_id") from "user" u1_0 left join "role" r1_0 on r1_0."role_id"=u1_0."role_id" where upper(r1_0."name")=upper(?)
2026-05-06T10:12:30.494+10:00 DEBUG 37608 --- [rualingo-test] [           main] .m.m.a.ExceptionHandlerExceptionResolver : Using @ExceptionHandler com.example.rualingo.exception.GlobalExceptionHandler#handleUnauthorized(UnauthorizedException, HttpServletRequest)
2026-05-06T10:12:30.500+10:00 DEBUG 37608 --- [rualingo-test] [           main] o.s.w.s.m.m.a.HttpEntityMethodProcessor  : Using 'application/json', given [*/*] and supported [application/json, application/*+json]
2026-05-06T10:12:30.500+10:00 DEBUG 37608 --- [rualingo-test] [           main] o.s.w.s.m.m.a.HttpEntityMethodProcessor  : Writing [com.example.rualingo.exception.ErrorResponse@467465c]
2026-05-06T10:12:30.501+10:00 DEBUG 37608 --- [rualingo-test] [           main] .m.m.a.ExceptionHandlerExceptionResolver : Resolved [com.example.rualingo.exception.UnauthorizedException: Admin registration limit has been reached]
]]></system-out>
  </testcase>
  <testcase name="studentRegistration_allowsAnonymousPost" classname="com.example.rualingo.AuthRegistrationSecurityTests" time="0.128">
    <system-out><![CDATA[2026-05-06T10:12:30.508+10:00 DEBUG 37608 --- [rualingo-test] [           main] s.w.s.m.m.a.RequestMappingHandlerMapping : Mapped to com.example.rualingo.controller.AuthController#register(RegisterRequestDTO)
2026-05-06T10:12:30.508+10:00 DEBUG 37608 --- [rualingo-test] [           main] m.m.a.RequestResponseBodyMethodProcessor : Read "application/json;charset=UTF-8" to [com.example.rualingo.DTO.RegisterRequestDTO@431c2020]
2026-05-06T10:12:30.510+10:00 DEBUG 37608 --- [rualingo-test] [           main] org.hibernate.SQL                        : select u1_0."user_id" from "user" u1_0 where u1_0."username"=? fetch first ? rows only
2026-05-06T10:12:30.511+10:00 DEBUG 37608 --- [rualingo-test] [           main] org.hibernate.SQL                        : select u1_0."user_id" from "user" u1_0 where u1_0."email"=? fetch first ? rows only
2026-05-06T10:12:30.625+10:00 DEBUG 37608 --- [rualingo-test] [           main] org.hibernate.SQL                        : select r1_0."role_id",r1_0."description",r1_0."name" from "role" r1_0 where r1_0."name"=?
2026-05-06T10:12:30.626+10:00 DEBUG 37608 --- [rualingo-test] [           main] org.hibernate.SQL                        : insert into "user" ("auth_provider","date_of_birth","email","first_name","gender","is_active","password","profile_picture","profile_picture_crop_height","profile_picture_crop_width","profile_picture_crop_x","profile_picture_crop_y","provider_user_id","province_of_origin","role_id","second_name","username","user_id") values (?,?,?,?,?,?,?,?,?,?,?,?,?,?,?,?,?,default)
2026-05-06T10:12:30.628+10:00 DEBUG 37608 --- [rualingo-test] [           main] org.hibernate.SQL                        : select l1_0."login_id",l1_0."user_id" from "login" l1_0 where l1_0."user_id"=?
2026-05-06T10:12:30.628+10:00 DEBUG 37608 --- [rualingo-test] [           main] org.hibernate.SQL                        : insert into "login" ("user_id","login_id") values (?,default)
2026-05-06T10:12:30.630+10:00 DEBUG 37608 --- [rualingo-test] [           main] o.s.w.s.m.m.a.HttpEntityMethodProcessor  : Using 'application/json', given [*/*] and supported [application/json, application/*+json]
2026-05-06T10:12:30.630+10:00 DEBUG 37608 --- [rualingo-test] [           main] o.s.w.s.m.m.a.HttpEntityMethodProcessor  : Writing [com.example.rualingo.DTO.AuthResponseDTO@7f7b15d4]
]]></system-out>
  </testcase>
</testsuite>