<?xml version="1.0" encoding="UTF-8"?>
<testsuite xmlns:xsi="http://www.w3.org/2001/XMLSchema-instance" xsi:noNamespaceSchemaLocation="https://maven.apache.org/surefire/maven-surefire-plugin/xsd/surefire-test-report.xsd" version="3.0.2" name="com.example.rualingo.ai.LocalChatbotEngineTest" time="0.047" tests="6" errors="0" skipped="0" failures="0" flakes="0">
  <properties>
[...]
</properties>
  <testcase name="testQuestionResponse_Vocabulary" classname="com.example.rualingo.ai.LocalChatbotEngineTest" time="0.023"/>
  <testcase name="testLessonReinforcement_Content" classname="com.example.rualingo.ai.LocalChatbotEngineTest" time="0.001"/>
  <testcase name="testConversationalPractice_Greeting" classname="com.example.rualingo.ai.LocalChatbotEngineTest" time="0.001"/>
  <testcase name="testAiTutorServiceIntegration" classname="com.example.rualingo.ai.LocalChatbotEngineTest" time="0.001"/>
  <testcase name="testEdgeCases" classname="com.example.rualingo.ai.LocalChatbotEngineTest" time="0.001"/>
  <testcase name="testPronunciation_Request" classname="com.example.rualingo.ai.LocalChatbotEngineTest" time="0.001"/>
</testsuite>