<?xml version="1.0" encoding="UTF-8"?>
<testsuite xmlns:xsi="http://www.w3.org/2001/XMLSchema-instance" xsi:noNamespaceSchemaLocation="https://maven.apache.org/surefire/maven-surefire-plugin/xsd/surefire-test-report.xsd" version="3.0.2" name="com.example.rualingo.ChatControllerAnalyticsSecurityTests" time="15.427" tests="1" errors="0" skipped="0" failures="1" flakes="0">
  <properties>
[...]
</properties>
  <testcase name="analyticsEndpoint_returnsAnalyticsForAuthenticatedUser" classname="com.example.rualingo.ChatControllerAnalyticsSecurityTests" time="1.13">
    <failure message="Expected no value at JSON path &quot;$.error&quot; but found: &apos;could not prepare statement [Table &quot;chat_logs&quot; not found; SQL statement:&#10;select count(cl1_0.&quot;log_id&quot;) from &quot;chat_logs&quot; cl1_0 left join &quot;user&quot; u1_0 on u1_0.&quot;user_id&quot;=cl1_0.&quot;user_id&quot; where u1_0.&quot;user_id&quot;=? [42102-232]] [select count(cl1_0.&quot;log_id&quot;) from &quot;chat_logs&quot; cl1_0 left join &quot;user&quot; u1_0 on u1_0.&quot;user_id&quot;=cl1_0.&quot;user_id&quot; where u1_0.&quot;user_id&quot;=?]; SQL [select count(cl1_0.&quot;log_id&quot;) from &quot;chat_logs&quot; cl1_0 left join &quot;user&quot; u1_0 on u1_0.&quot;user_id&quot;=cl1_0.&quot;user_id&quot; where u1_0.&quot;user_id&quot;=?]&apos;" type="java.lang.AssertionError"><![CDATA[java.lang.AssertionError: 
Expected no value at JSON path "$.error" but found: 'could not prepare statement [Table "chat_logs" not found; SQL statement:
select count(cl1_0."log_id") from "chat_logs" cl1_0 left join "user" u1_0 on u1_0."user_id"=cl1_0."user_id" where u1_0."user_id"=? [42102-232]] [select count(cl1_0."log_id") from "chat_logs" cl1_0 left join "user" u1_0 on u1_0."user_id"=cl1_0."user_id" where u1_0."user_id"=?]; SQL [select count(cl1_0."log_id") from "chat_logs" cl1_0 left join "user" u1_0 on u1_0."user_id"=cl1_0."user_id" where u1_0."user_id"=?]'
	at org.springframework.test.util.AssertionErrors.fail(AssertionErrors.java:39)
	at org.springframework.test.util.AssertionErrors.assertTrue(AssertionErrors.java:73)
	at org.springframework.test.util.JsonPathExpectationsHelper.doesNotExist(JsonPathExpectationsHelper.java:263)
	at org.springframework.test.web.servlet.result.JsonPathResultMatchers.lambda$doesNotExist$4(JsonPathResultMatchers.java:135)
	at org.springframework.test.web.servlet.MockMvc$1.andExpect(MockMvc.java:214)
	at com.example.rualingo.ChatControllerAnalyticsSecurityTests.analyticsEndpoint_returnsAnalyticsForAuthenticatedUser(ChatControllerAnalyticsSecurityTests.java:65)
	at java.base/java.lang.reflect.Method.invoke(Method.java:569)
	at java.base/java.util.ArrayList.forEach(ArrayList.java:1511)
	at java.base/java.util.ArrayList.forEach(ArrayList.java:1511)
]]></failure>
    <system-out><![CDATA[Standard Commons Logging discovery in action with spring-jcl: please remove commons-logging.jar from classpath in order to avoid potential conflicts
09:00:21.785 [main] INFO org.springframework.test.context.support.AnnotationConfigContextLoaderUtils -- Could not detect default configuration classes for test class [com.example.rualingo.ChatControllerAnalyticsSecurityTests]: ChatControllerAnalyticsSecurityTests does not declare any static, non-private, non-final, nested classes annotated with @Configuration.
09:00:22.079 [main] INFO org.springframework.boot.test.context.SpringBootTestContextBootstrapper -- Found @SpringBootConfiguration com.example.rualingo.RualingoApplication for test class com.example.rualingo.ChatControllerAnalyticsSecurityTests
09:00:22.398 [main] INFO org.springframework.boot.devtools.restart.RestartApplicationListener -- Restart disabled due to context in which it is running

  .   ____          _            __ _ _
 /\\ / ___'_ __ _ _(_)_ __  __ _ \ \ \ \
( ( )\___ | '_ | '_| | '_ \/ _` | \ \ \ \
 \\/  ___)| |_)| | | | | || (_| |  ) ) ) )
  '  |____| .__|_| |_|_| |_\__, | / / / /
 =========|_|==============|___/=/_/_/_/

 :: Spring Boot ::               (v3.5.16)

2026-09-22T09:00:30.104+10:00 DEBUG 28204 --- [rualingo-test] [           main] org.hibernate.SQL                        : drop table if exists "activity_log" cascade 
2026-09-22T09:00:30.115+10:00 DEBUG 28204 --- [rualingo-test] [           main] org.hibernate.SQL                        : drop table if exists "chat_logs" cascade 
2026-09-22T09:00:30.117+10:00 DEBUG 28204 --- [rualingo-test] [           main] org.hibernate.SQL                        : drop table if exists "course" cascade 
2026-09-22T09:00:30.117+10:00 DEBUG 28204 --- [rualingo-test] [           main] org.hibernate.SQL                        : drop table if exists "course_has_user" cascade 
2026-09-22T09:00:30.118+10:00 DEBUG 28204 --- [rualingo-test] [           main] org.hibernate.SQL                        : drop table if exists "course_metadata" cascade 
2026-09-22T09:00:30.118+10:00 DEBUG 28204 --- [rualingo-test] [           main] org.hibernate.SQL                        : drop table if exists "exercise" cascade 
2026-09-22T09:00:30.118+10:00 DEBUG 28204 --- [rualingo-test] [           main] org.hibernate.SQL                        : drop table if exists "exercise_option" cascade 
2026-09-22T09:00:30.119+10:00 DEBUG 28204 --- [rualingo-test] [           main] org.hibernate.SQL                        : drop table if exists "language" cascade 
2026-09-22T09:00:30.119+10:00 DEBUG 28204 --- [rualingo-test] [           main] org.hibernate.SQL                        : drop table if exists "language_has_user" cascade 
2026-09-22T09:00:30.120+10:00 DEBUG 28204 --- [rualingo-test] [           main] org.hibernate.SQL                        : drop table if exists "lesson" cascade 
2026-09-22T09:00:30.120+10:00 DEBUG 28204 --- [rualingo-test] [           main] org.hibernate.SQL                        : drop table if exists "login" cascade 
2026-09-22T09:00:30.120+10:00 DEBUG 28204 --- [rualingo-test] [           main] org.hibernate.SQL                        : drop table if exists "role" cascade 
2026-09-22T09:00:30.121+10:00 DEBUG 28204 --- [rualingo-test] [           main] org.hibernate.SQL                        : drop table if exists "user" cascade 
2026-09-22T09:00:30.121+10:00 DEBUG 28204 --- [rualingo-test] [           main] org.hibernate.SQL                        : drop table if exists "user_notification" cascade 
2026-09-22T09:00:30.121+10:00 DEBUG 28204 --- [rualingo-test] [           main] org.hibernate.SQL                        : drop table if exists "user_response" cascade 
2026-09-22T09:00:30.122+10:00 DEBUG 28204 --- [rualingo-test] [           main] org.hibernate.SQL                        : drop table if exists "vocabulary" cascade 
2026-09-22T09:00:30.129+10:00 DEBUG 28204 --- [rualingo-test] [           main] org.hibernate.SQL                        : create table "activity_log" ("activity_log_id" bigint generated by default as identity, "exercise_id" bigint, "lesson_id" bigint, "time_stamp" timestamp(6), "user_id" bigint, "action" varchar(255), primary key ("activity_log_id"))
2026-09-22T09:00:30.145+10:00 DEBUG 28204 --- [rualingo-test] [           main] org.hibernate.SQL                        : create table "chat_logs" ("log_id" bigint generated by default as identity, "timestamp" timestamp(6), "user_id" bigint, "rua_response" "TEXT", "user_query" "TEXT", primary key ("log_id"))
2026-09-22T09:00:30.149+10:00  WARN 28204 --- [rualingo-test] [           main] o.h.t.s.i.ExceptionHandlerLoggedImpl     : GenerationTarget encountered exception accepting command : Error executing DDL "create table "chat_logs" ("log_id" bigint generated by default as identity, "timestamp" timestamp(6), "user_id" bigint, "rua_response" "TEXT", "user_query" "TEXT", primary key ("log_id"))" via JDBC [Domain "TEXT" not found;]

org.hibernate.tool.schema.spi.CommandAcceptanceException: Error executing DDL "create table "chat_logs" ("log_id" bigint generated by default as identity, "timestamp" timestamp(6), "user_id" bigint, "rua_response" "TEXT", "user_query" "TEXT", primary key ("log_id"))" via JDBC [Domain "TEXT" not found;]
	at org.hibernate.tool.schema.internal.exec.GenerationTargetToDatabase.accept(GenerationTargetToDatabase.java:94) ~[hibernate-core-6.6.53.Final.jar:6.6.53.Final]
	at org.hibernate.tool.schema.internal.Helper.applySqlString(Helper.java:233) ~[hibernate-core-6.6.53.Final.jar:6.6.53.Final]
	at org.hibernate.tool.schema.internal.Helper.applySqlStrings(Helper.java:217) ~[hibernate-core-6.6.53.Final.jar:6.6.53.Final]
	at org.hibernate.tool.schema.internal.SchemaCreatorImpl.createTables(SchemaCreatorImpl.java:430) ~[hibernate-core-6.6.53.Final.jar:6.6.53.Final]
	at org.hibernate.tool.schema.internal.SchemaCreatorImpl.createSequencesTablesConstraints(SchemaCreatorImpl.java:346) ~[hibernate-core-6.6.53.Final.jar:6.6.53.Final]
	at org.hibernate.tool.schema.internal.SchemaCreatorImpl.createFromMetadata(SchemaCreatorImpl.java:241) ~[hibernate-core-6.6.53.Final.jar:6.6.53.Final]
	at org.hibernate.tool.schema.internal.SchemaCreatorImpl.performCreation(SchemaCreatorImpl.java:174) ~[hibernate-core-6.6.53.Final.jar:6.6.53.Final]
	at org.hibernate.tool.schema.internal.SchemaCreatorImpl.doCreation(SchemaCreatorImpl.java:144) ~[hibernate-core-6.6.53.Final.jar:6.6.53.Final]
	at org.hibernate.tool.schema.internal.SchemaCreatorImpl.doCreation(SchemaCreatorImpl.java:120) ~[hibernate-core-6.6.53.Final.jar:6.6.53.Final]
	at org.hibernate.tool.schema.spi.SchemaManagementToolCoordinator.performDatabaseAction(SchemaManagementToolCoordinator.java:250) ~[hibernate-core-6.6.53.Final.jar:6.6.53.Final]
	at org.hibernate.tool.schema.spi.SchemaManagementToolCoordinator.lambda$process$5(SchemaManagementToolCoordinator.java:144) ~[hibernate-core-6.6.53.Final.jar:6.6.53.Final]
	at java.base/java.util.HashMap.forEach(HashMap.java:1421) ~[na:na]
	at org.hibernate.tool.schema.spi.SchemaManagementToolCoordinator.process(SchemaManagementToolCoordinator.java:141) ~[hibernate-core-6.6.53.Final.jar:6.6.53.Final]
	at org.hibernate.boot.internal.SessionFactoryObserverForSchemaExport.sessionFactoryCreated(SessionFactoryObserverForSchemaExport.java:37) ~[hibernate-core-6.6.53.Final.jar:6.6.53.Final]
	at org.hibernate.internal.SessionFactoryObserverChain.sessionFactoryCreated(SessionFactoryObserverChain.java:35) ~[hibernate-core-6.6.53.Final.jar:6.6.53.Final]
	at org.hibernate.internal.SessionFactoryImpl.<init>(SessionFactoryImpl.java:324) ~[hibernate-core-6.6.53.Final.jar:6.6.53.Final]
	at org.hibernate.boot.internal.SessionFactoryBuilderImpl.build(SessionFactoryBuilderImpl.java:463) ~[hibernate-core-6.6.53.Final.jar:6.6.53.Final]
	at org.hibernate.jpa.boot.internal.EntityManagerFactoryBuilderImpl.build(EntityManagerFactoryBuilderImpl.java:1517) ~[hibernate-core-6.6.53.Final.jar:6.6.53.Final]
	at org.springframework.orm.jpa.vendor.SpringHibernateJpaPersistenceProvider.createContainerEntityManagerFactory(SpringHibernateJpaPersistenceProvider.java:66) ~[spring-orm-6.2.19.jar:6.2.19]
	at org.springframework.orm.jpa.LocalContainerEntityManagerFactoryBean.createNativeEntityManagerFactory(LocalContainerEntityManagerFactoryBean.java:388) ~[spring-orm-6.2.19.jar:6.2.19]
	at org.springframework.orm.jpa.AbstractEntityManagerFactoryBean.buildNativeEntityManagerFactory(AbstractEntityManagerFactoryBean.java:419) ~[spring-orm-6.2.19.jar:6.2.19]
	at org.springframework.orm.jpa.AbstractEntityManagerFactoryBean.afterPropertiesSet(AbstractEntityManagerFactoryBean.java:400) ~[spring-orm-6.2.19.jar:6.2.19]
	at org.springframework.orm.jpa.LocalContainerEntityManagerFactoryBean.afterPropertiesSet(LocalContainerEntityManagerFactoryBean.java:364) ~[spring-orm-6.2.19.jar:6.2.19]
	at org.springframework.beans.factory.support.AbstractAutowireCapableBeanFactory.invokeInitMethods(AbstractAutowireCapableBeanFactory.java:1871) ~[spring-beans-6.2.19.jar:6.2.19]
	at org.springframework.beans.factory.support.AbstractAutowireCapableBeanFactory.initializeBean(AbstractAutowireCapableBeanFactory.java:1820) ~[spring-beans-6.2.19.jar:6.2.19]
	at org.springframework.beans.factory.support.AbstractAutowireCapableBeanFactory.doCreateBean(AbstractAutowireCapableBeanFactory.java:607) ~[spring-beans-6.2.19.jar:6.2.19]
	at org.springframework.beans.factory.support.AbstractAutowireCapableBeanFactory.createBean(AbstractAutowireCapableBeanFactory.java:529) ~[spring-beans-6.2.19.jar:6.2.19]
	at org.springframework.beans.factory.support.AbstractBeanFactory.lambda$doGetBean$0(AbstractBeanFactory.java:339) ~[spring-beans-6.2.19.jar:6.2.19]
	at org.springframework.beans.factory.support.DefaultSingletonBeanRegistry.getSingleton(DefaultSingletonBeanRegistry.java:373) ~[spring-beans-6.2.19.jar:6.2.19]
	at org.springframework.beans.factory.support.AbstractBeanFactory.doGetBean(AbstractBeanFactory.java:337) ~[spring-beans-6.2.19.jar:6.2.19]
	at org.springframework.beans.factory.support.AbstractBeanFactory.getBean(AbstractBeanFactory.java:207) ~[spring-beans-6.2.19.jar:6.2.19]
	at org.springframework.context.support.AbstractApplicationContext.finishBeanFactoryInitialization(AbstractApplicationContext.java:974) ~[spring-context-6.2.19.jar:6.2.19]
	at org.springframework.context.support.AbstractApplicationContext.refresh(AbstractApplicationContext.java:628) ~[spring-context-6.2.19.jar:6.2.19]
	at org.springframework.boot.SpringApplication.refresh(SpringApplication.java:752) ~[spring-boot-3.5.16.jar:3.5.16]
	at org.springframework.boot.SpringApplication.refreshContext(SpringApplication.java:439) ~[spring-boot-3.5.16.jar:3.5.16]
	at org.springframework.boot.SpringApplication.run(SpringApplication.java:318) ~[spring-boot-3.5.16.jar:3.5.16]
	at org.springframework.boot.test.context.SpringBootContextLoader.lambda$loadContext$3(SpringBootContextLoader.java:151) ~[spring-boot-test-3.5.16.jar:3.5.16]
	at org.springframework.util.function.ThrowingSupplier.get(ThrowingSupplier.java:58) ~[spring-core-6.2.19.jar:6.2.19]
	at org.springframework.util.function.ThrowingSupplier.get(ThrowingSupplier.java:46) ~[spring-core-6.2.19.jar:6.2.19]
	at org.springframework.boot.SpringApplication.withHook(SpringApplication.java:1461) ~[spring-boot-3.5.16.jar:3.5.16]
	at org.springframework.boot.test.context.SpringBootContextLoader$ContextLoaderHook.run(SpringBootContextLoader.java:590) ~[spring-boot-test-3.5.16.jar:3.5.16]
	at org.springframework.boot.test.context.SpringBootContextLoader.loadContext(SpringBootContextLoader.java:151) ~[spring-boot-test-3.5.16.jar:3.5.16]
	at org.springframework.boot.test.context.SpringBootContextLoader.loadContext(SpringBootContextLoader.java:110) ~[spring-boot-test-3.5.16.jar:3.5.16]
	at org.springframework.test.context.cache.DefaultCacheAwareContextLoaderDelegate.loadContextInternal(DefaultCacheAwareContextLoaderDelegate.java:225) ~[spring-test-6.2.19.jar:6.2.19]
	at org.springframework.test.context.cache.DefaultCacheAwareContextLoaderDelegate.loadContext(DefaultCacheAwareContextLoaderDelegate.java:152) ~[spring-test-6.2.19.jar:6.2.19]
	at org.springframework.test.context.support.DefaultTestContext.getApplicationContext(DefaultTestContext.java:130) ~[spring-test-6.2.19.jar:6.2.19]
	at org.springframework.test.context.web.ServletTestExecutionListener.setUpRequestContextIfNecessary(ServletTestExecutionListener.java:200) ~[spring-test-6.2.19.jar:6.2.19]
	at org.springframework.test.context.web.ServletTestExecutionListener.prepareTestInstance(ServletTestExecutionListener.java:139) ~[spring-test-6.2.19.jar:6.2.19]
	at org.springframework.test.context.TestContextManager.prepareTestInstance(TestContextManager.java:260) ~[spring-test-6.2.19.jar:6.2.19]
	at org.springframework.test.context.junit.jupiter.SpringExtension.postProcessTestInstance(SpringExtension.java:159) ~[spring-test-6.2.19.jar:6.2.19]
	at org.junit.jupiter.engine.descriptor.ClassBasedTestDescriptor.lambda$invokeTestInstancePostProcessors$10(ClassBasedTestDescriptor.java:383) ~[junit-jupiter-engine-5.12.2.jar:5.12.2]
	at org.junit.jupiter.engine.descriptor.ClassBasedTestDescriptor.executeAndMaskThrowable(ClassBasedTestDescriptor.java:388) ~[junit-jupiter-engine-5.12.2.jar:5.12.2]
	at org.junit.jupiter.engine.descriptor.ClassBasedTestDescriptor.lambda$invokeTestInstancePostProcessors$11(ClassBasedTestDescriptor.java:382) ~[junit-jupiter-engine-5.12.2.jar:5.12.2]
	at java.base/java.util.stream.ForEachOps$ForEachOp$OfRef.accept(ForEachOps.java:183) ~[na:na]
	at java.base/java.util.stream.ReferencePipeline$3$1.accept(ReferencePipeline.java:197) ~[na:na]
	at java.base/java.util.stream.ReferencePipeline$2$1.accept(ReferencePipeline.java:179) ~[na:na]
	at java.base/java.util.stream.ReferencePipeline$3$1.accept(ReferencePipeline.java:197) ~[na:na]
	at java.base/java.util.ArrayList$ArrayListSpliterator.forEachRemaining(ArrayList.java:1625) ~[na:na]
	at java.base/java.util.stream.AbstractPipeline.copyInto(AbstractPipeline.java:509) ~[na:na]
	at java.base/java.util.stream.AbstractPipeline.wrapAndCopyInto(AbstractPipeline.java:499) ~[na:na]
	at java.base/java.util.stream.ForEachOps$ForEachOp.evaluateSequential(ForEachOps.java:150) ~[na:na]
	at java.base/java.util.stream.ForEachOps$ForEachOp$OfRef.evaluateSequential(ForEachOps.java:173) ~[na:na]
	at java.base/java.util.stream.AbstractPipeline.evaluate(AbstractPipeline.java:234) ~[na:na]
	at java.base/java.util.stream.ReferencePipeline.forEach(ReferencePipeline.java:596) ~[na:na]
	at org.junit.jupiter.engine.descriptor.ClassBasedTestDescriptor.invokeTestInstancePostProcessors(ClassBasedTestDescriptor.java:382) ~[junit-jupiter-engine-5.12.2.jar:5.12.2]
	at org.junit.jupiter.engine.descriptor.ClassBasedTestDescriptor.lambda$instantiateAndPostProcessTestInstance$6(ClassBasedTestDescriptor.java:293) ~[junit-jupiter-engine-5.12.2.jar:5.12.2]
	at org.junit.platform.engine.support.hierarchical.ThrowableCollector.execute(ThrowableCollector.java:73) ~[junit-platform-engine-1.12.2.jar:1.12.2]
	at org.junit.jupiter.engine.descriptor.ClassBasedTestDescriptor.instantiateAndPostProcessTestInstance(ClassBasedTestDescriptor.java:292) ~[junit-jupiter-engine-5.12.2.jar:5.12.2]
	at org.junit.jupiter.engine.descriptor.ClassBasedTestDescriptor.lambda$testInstancesProvider$4(ClassBasedTestDescriptor.java:281) ~[junit-jupiter-engine-5.12.2.jar:5.12.2]
	at java.base/java.util.Optional.orElseGet(Optional.java:364) ~[na:na]
	at org.junit.jupiter.engine.descriptor.ClassBasedTestDescriptor.lambda$testInstancesProvider$5(ClassBasedTestDescriptor.java:280) ~[junit-jupiter-engine-5.12.2.jar:5.12.2]
	at org.junit.jupiter.engine.execution.TestInstancesProvider.getTestInstances(TestInstancesProvider.java:27) ~[junit-jupiter-engine-5.12.2.jar:5.12.2]
	at org.junit.jupiter.engine.descriptor.TestMethodTestDescriptor.lambda$prepare$0(TestMethodTestDescriptor.java:112) ~[junit-jupiter-engine-5.12.2.jar:5.12.2]
	at org.junit.platform.engine.support.hierarchical.ThrowableCollector.execute(ThrowableCollector.java:73) ~[junit-platform-engine-1.12.2.jar:1.12.2]
	at org.junit.jupiter.engine.descriptor.TestMethodTestDescriptor.prepare(TestMethodTestDescriptor.java:111) ~[junit-jupiter-engine-5.12.2.jar:5.12.2]
	at org.junit.jupiter.engine.descriptor.TestMethodTestDescriptor.prepare(TestMethodTestDescriptor.java:69) ~[junit-jupiter-engine-5.12.2.jar:5.12.2]
	at org.junit.platform.engine.support.hierarchical.NodeTestTask.lambda$prepare$2(NodeTestTask.java:128) ~[junit-platform-engine-1.12.2.jar:1.12.2]
	at org.junit.platform.engine.support.hierarchical.ThrowableCollector.execute(ThrowableCollector.java:73) ~[junit-platform-engine-1.12.2.jar:1.12.2]
	at org.junit.platform.engine.support.hierarchical.NodeTestTask.prepare(NodeTestTask.java:128) ~[junit-platform-engine-1.12.2.jar:1.12.2]
	at org.junit.platform.engine.support.hierarchical.NodeTestTask.execute(NodeTestTask.java:95) ~[junit-platform-engine-1.12.2.jar:1.12.2]
	at java.base/java.util.ArrayList.forEach(ArrayList.java:1511) ~[na:na]
	at org.junit.platform.engine.support.hierarchical.SameThreadHierarchicalTestExecutorService.invokeAll(SameThreadHierarchicalTestExecutorService.java:41) ~[junit-platform-engine-1.12.2.jar:1.12.2]
	at org.junit.platform.engine.support.hierarchical.NodeTestTask.lambda$executeRecursively$6(NodeTestTask.java:160) ~[junit-platform-engine-1.12.2.jar:1.12.2]
	at org.junit.platform.engine.support.hierarchical.ThrowableCollector.execute(ThrowableCollector.java:73) ~[junit-platform-engine-1.12.2.jar:1.12.2]
	at org.junit.platform.engine.support.hierarchical.NodeTestTask.lambda$executeRecursively$8(NodeTestTask.java:146) ~[junit-platform-engine-1.12.2.jar:1.12.2]
	at org.junit.platform.engine.support.hierarchical.Node.around(Node.java:137) ~[junit-platform-engine-1.12.2.jar:1.12.2]
	at org.junit.platform.engine.support.hierarchical.NodeTestTask.lambda$executeRecursively$9(NodeTestTask.java:144) ~[junit-platform-engine-1.12.2.jar:1.12.2]
	at org.junit.platform.engine.support.hierarchical.ThrowableCollector.execute(ThrowableCollector.java:73) ~[junit-platform-engine-1.12.2.jar:1.12.2]
	at org.junit.platform.engine.support.hierarchical.NodeTestTask.executeRecursively(NodeTestTask.java:143) ~[junit-platform-engine-1.12.2.jar:1.12.2]
	at org.junit.platform.engine.support.hierarchical.NodeTestTask.execute(NodeTestTask.java:100) ~[junit-platform-engine-1.12.2.jar:1.12.2]
	at java.base/java.util.ArrayList.forEach(ArrayList.java:1511) ~[na:na]
	at org.junit.platform.engine.support.hierarchical.SameThreadHierarchicalTestExecutorService.invokeAll(SameThreadHierarchicalTestExecutorService.java:41) ~[junit-platform-engine-1.12.2.jar:1.12.2]
	at org.junit.platform.engine.support.hierarchical.NodeTestTask.lambda$executeRecursively$6(NodeTestTask.java:160) ~[junit-platform-engine-1.12.2.jar:1.12.2]
	at org.junit.platform.engine.support.hierarchical.ThrowableCollector.execute(ThrowableCollector.java:73) ~[junit-platform-engine-1.12.2.jar:1.12.2]
	at org.junit.platform.engine.support.hierarchical.NodeTestTask.lambda$executeRecursively$8(NodeTestTask.java:146) ~[junit-platform-engine-1.12.2.jar:1.12.2]
	at org.junit.platform.engine.support.hierarchical.Node.around(Node.java:137) ~[junit-platform-engine-1.12.2.jar:1.12.2]
	at org.junit.platform.engine.support.hierarchical.NodeTestTask.lambda$executeRecursively$9(NodeTestTask.java:144) ~[junit-platform-engine-1.12.2.jar:1.12.2]
	at org.junit.platform.engine.support.hierarchical.ThrowableCollector.execute(ThrowableCollector.java:73) ~[junit-platform-engine-1.12.2.jar:1.12.2]
	at org.junit.platform.engine.support.hierarchical.NodeTestTask.executeRecursively(NodeTestTask.java:143) ~[junit-platform-engine-1.12.2.jar:1.12.2]
	at org.junit.platform.engine.support.hierarchical.NodeTestTask.execute(NodeTestTask.java:100) ~[junit-platform-engine-1.12.2.jar:1.12.2]
	at org.junit.platform.engine.support.hierarchical.SameThreadHierarchicalTestExecutorService.submit(SameThreadHierarchicalTestExecutorService.java:35) ~[junit-platform-engine-1.12.2.jar:1.12.2]
	at org.junit.platform.engine.support.hierarchical.HierarchicalTestExecutor.execute(HierarchicalTestExecutor.java:57) ~[junit-platform-engine-1.12.2.jar:1.12.2]
	at org.junit.platform.engine.support.hierarchical.HierarchicalTestEngine.execute(HierarchicalTestEngine.java:54) ~[junit-platform-engine-1.12.2.jar:1.12.2]
	at org.junit.platform.launcher.core.EngineExecutionOrchestrator.execute(EngineExecutionOrchestrator.java:201) ~[junit-platform-launcher-1.12.2.jar:1.12.2]
	at org.junit.platform.launcher.core.EngineExecutionOrchestrator.execute(EngineExecutionOrchestrator.java:170) ~[junit-platform-launcher-1.12.2.jar:1.12.2]
	at org.junit.platform.launcher.core.EngineExecutionOrchestrator.execute(EngineExecutionOrchestrator.java:94) ~[junit-platform-launcher-1.12.2.jar:1.12.2]
	at org.junit.platform.launcher.core.EngineExecutionOrchestrator.lambda$execute$0(EngineExecutionOrchestrator.java:59) ~[junit-platform-launcher-1.12.2.jar:1.12.2]
	at org.junit.platform.launcher.core.EngineExecutionOrchestrator.withInterceptedStreams(EngineExecutionOrchestrator.java:142) ~[junit-platform-launcher-1.12.2.jar:1.12.2]
	at org.junit.platform.launcher.core.EngineExecutionOrchestrator.execute(EngineExecutionOrchestrator.java:58) ~[junit-platform-launcher-1.12.2.jar:1.12.2]
	at org.junit.platform.launcher.core.DefaultLauncher.execute(DefaultLauncher.java:103) ~[junit-platform-launcher-1.12.2.jar:1.12.2]
	at org.junit.platform.launcher.core.DefaultLauncher.execute(DefaultLauncher.java:85) ~[junit-platform-launcher-1.12.2.jar:1.12.2]
	at org.junit.platform.launcher.core.DelegatingLauncher.execute(DelegatingLauncher.java:47) ~[junit-platform-launcher-1.12.2.jar:1.12.2]
	at org.junit.platform.launcher.core.InterceptingLauncher.lambda$execute$1(InterceptingLauncher.java:39) ~[junit-platform-launcher-1.12.2.jar:1.12.2]
	at org.junit.platform.launcher.core.ClasspathAlignmentCheckingLauncherInterceptor.intercept(ClasspathAlignmentCheckingLauncherInterceptor.java:25) ~[junit-platform-launcher-1.12.2.jar:1.12.2]
	at org.junit.platform.launcher.core.InterceptingLauncher.execute(InterceptingLauncher.java:38) ~[junit-platform-launcher-1.12.2.jar:1.12.2]
	at org.junit.platform.launcher.core.DelegatingLauncher.execute(DelegatingLauncher.java:47) ~[junit-platform-launcher-1.12.2.jar:1.12.2]
	at org.apache.maven.surefire.junitplatform.LauncherAdapter.executeWithoutCancellationToken(LauncherAdapter.java:60) ~[surefire-junit-platform-3.5.6.jar:3.5.6]
	at org.apache.maven.surefire.junitplatform.LauncherAdapter.execute(LauncherAdapter.java:52) ~[surefire-junit-platform-3.5.6.jar:3.5.6]
	at org.apache.maven.surefire.junitplatform.JUnitPlatformProvider.execute(JUnitPlatformProvider.java:203) ~[surefire-junit-platform-3.5.6.jar:3.5.6]
	at org.apache.maven.surefire.junitplatform.JUnitPlatformProvider.invokeAllTests(JUnitPlatformProvider.java:168) ~[surefire-junit-platform-3.5.6.jar:3.5.6]
	at org.apache.maven.surefire.junitplatform.JUnitPlatformProvider.invoke(JUnitPlatformProvider.java:136) ~[surefire-junit-platform-3.5.6.jar:3.5.6]
	at org.apache.maven.surefire.booter.ForkedBooter.runSuitesInProcess(ForkedBooter.java:385) ~[surefire-booter-3.5.6.jar:3.5.6]
	at org.apache.maven.surefire.booter.ForkedBooter.execute(ForkedBooter.java:162) ~[surefire-booter-3.5.6.jar:3.5.6]
	at org.apache.maven.surefire.booter.ForkedBooter.run(ForkedBooter.java:507) ~[surefire-booter-3.5.6.jar:3.5.6]
	at org.apache.maven.surefire.booter.ForkedBooter.main(ForkedBooter.java:495) ~[surefire-booter-3.5.6.jar:3.5.6]
Caused by: org.h2.jdbc.JdbcSQLSyntaxErrorException: Domain "TEXT" not found; SQL statement:
create table "chat_logs" ("log_id" bigint generated by default as identity, "timestamp" timestamp(6), "user_id" bigint, "rua_response" "TEXT", "user_query" "TEXT", primary key ("log_id")) [90120-232]
	at org.h2.message.DbException.getJdbcSQLException(DbException.java:644) ~[h2-2.3.232.jar:2.3.232]
	at org.h2.message.DbException.getJdbcSQLException(DbException.java:489) ~[h2-2.3.232.jar:2.3.232]
	at org.h2.message.DbException.get(DbException.java:223) ~[h2-2.3.232.jar:2.3.232]
	at org.h2.message.DbException.get(DbException.java:199) ~[h2-2.3.232.jar:2.3.232]
	at org.h2.schema.Schema.getDomain(Schema.java:611) ~[h2-2.3.232.jar:2.3.232]
	at org.h2.command.Parser.parseColumnWithType(Parser.java:5683) ~[h2-2.3.232.jar:2.3.232]
	at org.h2.command.Parser.parseColumnForTable(Parser.java:5559) ~[h2-2.3.232.jar:2.3.232]
	at org.h2.command.Parser.parseTableColumnDefinition(Parser.java:8876) ~[h2-2.3.232.jar:2.3.232]
	at org.h2.command.Parser.parseCreateTable(Parser.java:8819) ~[h2-2.3.232.jar:2.3.232]
	at org.h2.command.Parser.parseCreate(Parser.java:6398) ~[h2-2.3.232.jar:2.3.232]
	at org.h2.command.Parser.parsePrepared(Parser.java:645) ~[h2-2.3.232.jar:2.3.232]
	at org.h2.command.Parser.parse(Parser.java:581) ~[h2-2.3.232.jar:2.3.232]
	at org.h2.command.Parser.parse(Parser.java:556) ~[h2-2.3.232.jar:2.3.232]
	at org.h2.command.Parser.prepareCommand(Parser.java:484) ~[h2-2.3.232.jar:2.3.232]
	at org.h2.engine.SessionLocal.prepareLocal(SessionLocal.java:645) ~[h2-2.3.232.jar:2.3.232]
	at org.h2.engine.SessionLocal.prepareCommand(SessionLocal.java:561) ~[h2-2.3.232.jar:2.3.232]
	at org.h2.jdbc.JdbcConnection.prepareCommand(JdbcConnection.java:1164) ~[h2-2.3.232.jar:2.3.232]
	at org.h2.jdbc.JdbcStatement.executeInternal(JdbcStatement.java:245) ~[h2-2.3.232.jar:2.3.232]
	at org.h2.jdbc.JdbcStatement.execute(JdbcStatement.java:231) ~[h2-2.3.232.jar:2.3.232]
	at com.zaxxer.hikari.pool.ProxyStatement.execute(ProxyStatement.java:95) ~[HikariCP-6.3.3.jar:na]
	at com.zaxxer.hikari.pool.HikariProxyStatement.execute(HikariProxyStatement.java) ~[HikariCP-6.3.3.jar:na]
	at org.hibernate.tool.schema.internal.exec.GenerationTargetToDatabase.accept(GenerationTargetToDatabase.java:80) ~[hibernate-core-6.6.53.Final.jar:6.6.53.Final]
	... 124 common frames omitted

2026-09-22T09:00:30.161+10:00 DEBUG 28204 --- [rualingo-test] [           main] org.hibernate.SQL                        : create table "course" ("course_id" bigint generated by default as identity, "language_id" bigint, "reviewed_at" timestamp(6), "category" varchar(255), "name" varchar(255), "submission_status" varchar(255), "title" varchar(255), "description" clob, "moderation_note" clob, primary key ("course_id"))
2026-09-22T09:00:30.165+10:00 DEBUG 28204 --- [rualingo-test] [           main] org.hibernate.SQL                        : create table "course_has_user" ("course_course_id" bigint not null, "user_user_id" bigint not null, primary key ("course_course_id", "user_user_id"))
2026-09-22T09:00:30.170+10:00 DEBUG 28204 --- [rualingo-test] [           main] org.hibernate.SQL                        : create table "course_metadata" ("course_id" bigint not null, "course_metadata_id" bigint generated by default as identity, "meta_key" varchar(255) not null, "meta_value" varchar(255), primary key ("course_metadata_id"))
2026-09-22T09:00:30.172+10:00 DEBUG 28204 --- [rualingo-test] [           main] org.hibernate.SQL                        : create table "exercise" ("exercise_id" bigint generated by default as identity, "lesson_id" bigint, "audio_path" varchar(255), "correct_answer" varchar(255), "hint" varchar(255), "question" varchar(255), "question_text" varchar(255), "topic" varchar(255), "type" varchar(255), primary key ("exercise_id"))
2026-09-22T09:00:30.175+10:00 DEBUG 28204 --- [rualingo-test] [           main] org.hibernate.SQL                        : create table "exercise_option" ("option_order" integer not null, "exercise_id" bigint not null, "exercise_option_id" bigint generated by default as identity, "option_text" varchar(255) not null, primary key ("exercise_option_id"))
2026-09-22T09:00:30.176+10:00 DEBUG 28204 --- [rualingo-test] [           main] org.hibernate.SQL                        : create table "language" ("language_id" bigint generated by default as identity, "user_id" bigint, "clan" varchar(255), "district" varchar(255), "flag" varchar(255), "name" varchar(255), "province" varchar(255), primary key ("language_id"))
2026-09-22T09:00:30.178+10:00 DEBUG 28204 --- [rualingo-test] [           main] org.hibernate.SQL                        : create table "language_has_user" ("language_language_id" bigint not null, "user_user_id" bigint not null, primary key ("language_language_id", "user_user_id"))
2026-09-22T09:00:30.179+10:00 DEBUG 28204 --- [rualingo-test] [           main] org.hibernate.SQL                        : create table "lesson" ("course_id" bigint, "lesson_id" bigint generated by default as identity, "reviewed_at" timestamp(6), "content" varchar(255), "description" varchar(255), "moderation_note" varchar(255), "submission_status" varchar(255), "title" varchar(255), "topic" varchar(255), primary key ("lesson_id"))
2026-09-22T09:00:30.182+10:00 DEBUG 28204 --- [rualingo-test] [           main] org.hibernate.SQL                        : create table "login" ("login_id" bigint generated by default as identity, "user_id" bigint unique, primary key ("login_id"))
2026-09-22T09:00:30.184+10:00 DEBUG 28204 --- [rualingo-test] [           main] org.hibernate.SQL                        : create table "role" ("role_id" bigint generated by default as identity, "description" varchar(255), "name" varchar(255) not null unique, primary key ("role_id"))
2026-09-22T09:00:30.188+10:00 DEBUG 28204 --- [rualingo-test] [           main] org.hibernate.SQL                        : create table "user" ("is_active" boolean, "streak" integer, "last_streak_update" timestamp(6), "role_id" bigint, "user_id" bigint generated by default as identity, "auth_provider" varchar(255), "date_of_birth" varchar(255), "email" varchar(255), "first_name" varchar(255), "gender" varchar(255), "password" varchar(255), "profile_picture" varchar(255), "provider_user_id" varchar(255), "province_of_origin" varchar(255), "second_name" varchar(255), "username" varchar(255), primary key ("user_id"))
2026-09-22T09:00:30.190+10:00 DEBUG 28204 --- [rualingo-test] [           main] org.hibernate.SQL                        : create table "user_notification" ("is_read" boolean, "created_at" timestamp(6), "notification_id" bigint generated by default as identity, "scheduled_for" timestamp(6), "sent_at" timestamp(6), "user_id" bigint, "message_text" varchar(255), "type" varchar(255), primary key ("notification_id"))
2026-09-22T09:00:30.191+10:00 DEBUG 28204 --- [rualingo-test] [           main] org.hibernate.SQL                        : create table "user_response" ("attempts" integer, "is_correct" boolean, "exercise_id" bigint, "response_time" timestamp(6), "time_stamp" timestamp(6), "user_id" bigint, "userresponse_id" bigint generated by default as identity, "user_answer" varchar(255), primary key ("userresponse_id"))
2026-09-22T09:00:30.194+10:00 DEBUG 28204 --- [rualingo-test] [           main] org.hibernate.SQL                        : create table "vocabulary" ("course_id" bigint, "language_id" bigint, "lesson_id" bigint, "vocab_id" bigint generated by default as identity, "audio_path" varchar(255), "example_sentence" varchar(255), "phonetic" varchar(255), "topic" varchar(255), "translation" varchar(255), "word" varchar(255), "word_target" varchar(255), primary key ("vocab_id"))
2026-09-22T09:00:30.195+10:00 DEBUG 28204 --- [rualingo-test] [           main] org.hibernate.SQL                        : create index "idx_activity_log_user_id" on "activity_log" ("user_id")
2026-09-22T09:00:30.196+10:00 DEBUG 28204 --- [rualingo-test] [           main] org.hibernate.SQL                        : create index "idx_chat_logs_user_id" on "chat_logs" ("user_id")
2026-09-22T09:00:30.198+10:00  WARN 28204 --- [rualingo-test] [           main] o.h.t.s.i.ExceptionHandlerLoggedImpl     : GenerationTarget encountered exception accepting command : Error executing DDL "create index "idx_chat_logs_user_id" on "chat_logs" ("user_id")" via JDBC [Table "chat_logs" not found;]

org.hibernate.tool.schema.spi.CommandAcceptanceException: Error executing DDL "create index "idx_chat_logs_user_id" on "chat_logs" ("user_id")" via JDBC [Table "chat_logs" not found;]
	at org.hibernate.tool.schema.internal.exec.GenerationTargetToDatabase.accept(GenerationTargetToDatabase.java:94) ~[hibernate-core-6.6.53.Final.jar:6.6.53.Final]
	at org.hibernate.tool.schema.internal.Helper.applySqlString(Helper.java:233) ~[hibernate-core-6.6.53.Final.jar:6.6.53.Final]
	at org.hibernate.tool.schema.internal.Helper.applySqlStrings(Helper.java:217) ~[hibernate-core-6.6.53.Final.jar:6.6.53.Final]
	at org.hibernate.tool.schema.internal.SchemaCreatorImpl.createTableConstraints(SchemaCreatorImpl.java:392) ~[hibernate-core-6.6.53.Final.jar:6.6.53.Final]
	at org.hibernate.tool.schema.internal.SchemaCreatorImpl.createSequencesTablesConstraints(SchemaCreatorImpl.java:358) ~[hibernate-core-6.6.53.Final.jar:6.6.53.Final]
	at org.hibernate.tool.schema.internal.SchemaCreatorImpl.createFromMetadata(SchemaCreatorImpl.java:241) ~[hibernate-core-6.6.53.Final.jar:6.6.53.Final]
	at org.hibernate.tool.schema.internal.SchemaCreatorImpl.performCreation(SchemaCreatorImpl.java:174) ~[hibernate-core-6.6.53.Final.jar:6.6.53.Final]
	at org.hibernate.tool.schema.internal.SchemaCreatorImpl.doCreation(SchemaCreatorImpl.java:144) ~[hibernate-core-6.6.53.Final.jar:6.6.53.Final]
	at org.hibernate.tool.schema.internal.SchemaCreatorImpl.doCreation(SchemaCreatorImpl.java:120) ~[hibernate-core-6.6.53.Final.jar:6.6.53.Final]
	at org.hibernate.tool.schema.spi.SchemaManagementToolCoordinator.performDatabaseAction(SchemaManagementToolCoordinator.java:250) ~[hibernate-core-6.6.53.Final.jar:6.6.53.Final]
	at org.hibernate.tool.schema.spi.SchemaManagementToolCoordinator.lambda$process$5(SchemaManagementToolCoordinator.java:144) ~[hibernate-core-6.6.53.Final.jar:6.6.53.Final]
	at java.base/java.util.HashMap.forEach(HashMap.java:1421) ~[na:na]
	at org.hibernate.tool.schema.spi.SchemaManagementToolCoordinator.process(SchemaManagementToolCoordinator.java:141) ~[hibernate-core-6.6.53.Final.jar:6.6.53.Final]
	at org.hibernate.boot.internal.SessionFactoryObserverForSchemaExport.sessionFactoryCreated(SessionFactoryObserverForSchemaExport.java:37) ~[hibernate-core-6.6.53.Final.jar:6.6.53.Final]
	at org.hibernate.internal.SessionFactoryObserverChain.sessionFactoryCreated(SessionFactoryObserverChain.java:35) ~[hibernate-core-6.6.53.Final.jar:6.6.53.Final]
	at org.hibernate.internal.SessionFactoryImpl.<init>(SessionFactoryImpl.java:324) ~[hibernate-core-6.6.53.Final.jar:6.6.53.Final]
	at org.hibernate.boot.internal.SessionFactoryBuilderImpl.build(SessionFactoryBuilderImpl.java:463) ~[hibernate-core-6.6.53.Final.jar:6.6.53.Final]
	at org.hibernate.jpa.boot.internal.EntityManagerFactoryBuilderImpl.build(EntityManagerFactoryBuilderImpl.java:1517) ~[hibernate-core-6.6.53.Final.jar:6.6.53.Final]
	at org.springframework.orm.jpa.vendor.SpringHibernateJpaPersistenceProvider.createContainerEntityManagerFactory(SpringHibernateJpaPersistenceProvider.java:66) ~[spring-orm-6.2.19.jar:6.2.19]
	at org.springframework.orm.jpa.LocalContainerEntityManagerFactoryBean.createNativeEntityManagerFactory(LocalContainerEntityManagerFactoryBean.java:388) ~[spring-orm-6.2.19.jar:6.2.19]
	at org.springframework.orm.jpa.AbstractEntityManagerFactoryBean.buildNativeEntityManagerFactory(AbstractEntityManagerFactoryBean.java:419) ~[spring-orm-6.2.19.jar:6.2.19]
	at org.springframework.orm.jpa.AbstractEntityManagerFactoryBean.afterPropertiesSet(AbstractEntityManagerFactoryBean.java:400) ~[spring-orm-6.2.19.jar:6.2.19]
	at org.springframework.orm.jpa.LocalContainerEntityManagerFactoryBean.afterPropertiesSet(LocalContainerEntityManagerFactoryBean.java:364) ~[spring-orm-6.2.19.jar:6.2.19]
	at org.springframework.beans.factory.support.AbstractAutowireCapableBeanFactory.invokeInitMethods(AbstractAutowireCapableBeanFactory.java:1871) ~[spring-beans-6.2.19.jar:6.2.19]
	at org.springframework.beans.factory.support.AbstractAutowireCapableBeanFactory.initializeBean(AbstractAutowireCapableBeanFactory.java:1820) ~[spring-beans-6.2.19.jar:6.2.19]
	at org.springframework.beans.factory.support.AbstractAutowireCapableBeanFactory.doCreateBean(AbstractAutowireCapableBeanFactory.java:607) ~[spring-beans-6.2.19.jar:6.2.19]
	at org.springframework.beans.factory.support.AbstractAutowireCapableBeanFactory.createBean(AbstractAutowireCapableBeanFactory.java:529) ~[spring-beans-6.2.19.jar:6.2.19]
	at org.springframework.beans.factory.support.AbstractBeanFactory.lambda$doGetBean$0(AbstractBeanFactory.java:339) ~[spring-beans-6.2.19.jar:6.2.19]
	at org.springframework.beans.factory.support.DefaultSingletonBeanRegistry.getSingleton(DefaultSingletonBeanRegistry.java:373) ~[spring-beans-6.2.19.jar:6.2.19]
	at org.springframework.beans.factory.support.AbstractBeanFactory.doGetBean(AbstractBeanFactory.java:337) ~[spring-beans-6.2.19.jar:6.2.19]
	at org.springframework.beans.factory.support.AbstractBeanFactory.getBean(AbstractBeanFactory.java:207) ~[spring-beans-6.2.19.jar:6.2.19]
	at org.springframework.context.support.AbstractApplicationContext.finishBeanFactoryInitialization(AbstractApplicationContext.java:974) ~[spring-context-6.2.19.jar:6.2.19]
	at org.springframework.context.support.AbstractApplicationContext.refresh(AbstractApplicationContext.java:628) ~[spring-context-6.2.19.jar:6.2.19]
	at org.springframework.boot.SpringApplication.refresh(SpringApplication.java:752) ~[spring-boot-3.5.16.jar:3.5.16]
	at org.springframework.boot.SpringApplication.refreshContext(SpringApplication.java:439) ~[spring-boot-3.5.16.jar:3.5.16]
	at org.springframework.boot.SpringApplication.run(SpringApplication.java:318) ~[spring-boot-3.5.16.jar:3.5.16]
	at org.springframework.boot.test.context.SpringBootContextLoader.lambda$loadContext$3(SpringBootContextLoader.java:151) ~[spring-boot-test-3.5.16.jar:3.5.16]
	at org.springframework.util.function.ThrowingSupplier.get(ThrowingSupplier.java:58) ~[spring-core-6.2.19.jar:6.2.19]
	at org.springframework.util.function.ThrowingSupplier.get(ThrowingSupplier.java:46) ~[spring-core-6.2.19.jar:6.2.19]
	at org.springframework.boot.SpringApplication.withHook(SpringApplication.java:1461) ~[spring-boot-3.5.16.jar:3.5.16]
	at org.springframework.boot.test.context.SpringBootContextLoader$ContextLoaderHook.run(SpringBootContextLoader.java:590) ~[spring-boot-test-3.5.16.jar:3.5.16]
	at org.springframework.boot.test.context.SpringBootContextLoader.loadContext(SpringBootContextLoader.java:151) ~[spring-boot-test-3.5.16.jar:3.5.16]
	at org.springframework.boot.test.context.SpringBootContextLoader.loadContext(SpringBootContextLoader.java:110) ~[spring-boot-test-3.5.16.jar:3.5.16]
	at org.springframework.test.context.cache.DefaultCacheAwareContextLoaderDelegate.loadContextInternal(DefaultCacheAwareContextLoaderDelegate.java:225) ~[spring-test-6.2.19.jar:6.2.19]
	at org.springframework.test.context.cache.DefaultCacheAwareContextLoaderDelegate.loadContext(DefaultCacheAwareContextLoaderDelegate.java:152) ~[spring-test-6.2.19.jar:6.2.19]
	at org.springframework.test.context.support.DefaultTestContext.getApplicationContext(DefaultTestContext.java:130) ~[spring-test-6.2.19.jar:6.2.19]
	at org.springframework.test.context.web.ServletTestExecutionListener.setUpRequestContextIfNecessary(ServletTestExecutionListener.java:200) ~[spring-test-6.2.19.jar:6.2.19]
	at org.springframework.test.context.web.ServletTestExecutionListener.prepareTestInstance(ServletTestExecutionListener.java:139) ~[spring-test-6.2.19.jar:6.2.19]
	at org.springframework.test.context.TestContextManager.prepareTestInstance(TestContextManager.java:260) ~[spring-test-6.2.19.jar:6.2.19]
	at org.springframework.test.context.junit.jupiter.SpringExtension.postProcessTestInstance(SpringExtension.java:159) ~[spring-test-6.2.19.jar:6.2.19]
	at org.junit.jupiter.engine.descriptor.ClassBasedTestDescriptor.lambda$invokeTestInstancePostProcessors$10(ClassBasedTestDescriptor.java:383) ~[junit-jupiter-engine-5.12.2.jar:5.12.2]
	at org.junit.jupiter.engine.descriptor.ClassBasedTestDescriptor.executeAndMaskThrowable(ClassBasedTestDescriptor.java:388) ~[junit-jupiter-engine-5.12.2.jar:5.12.2]
	at org.junit.jupiter.engine.descriptor.ClassBasedTestDescriptor.lambda$invokeTestInstancePostProcessors$11(ClassBasedTestDescriptor.java:382) ~[junit-jupiter-engine-5.12.2.jar:5.12.2]
	at java.base/java.util.stream.ForEachOps$ForEachOp$OfRef.accept(ForEachOps.java:183) ~[na:na]
	at java.base/java.util.stream.ReferencePipeline$3$1.accept(ReferencePipeline.java:197) ~[na:na]
	at java.base/java.util.stream.ReferencePipeline$2$1.accept(ReferencePipeline.java:179) ~[na:na]
	at java.base/java.util.stream.ReferencePipeline$3$1.accept(ReferencePipeline.java:197) ~[na:na]
	at java.base/java.util.ArrayList$ArrayListSpliterator.forEachRemaining(ArrayList.java:1625) ~[na:na]
	at java.base/java.util.stream.AbstractPipeline.copyInto(AbstractPipeline.java:509) ~[na:na]
	at java.base/java.util.stream.AbstractPipeline.wrapAndCopyInto(AbstractPipeline.java:499) ~[na:na]
	at java.base/java.util.stream.ForEachOps$ForEachOp.evaluateSequential(ForEachOps.java:150) ~[na:na]
	at java.base/java.util.stream.ForEachOps$ForEachOp$OfRef.evaluateSequential(ForEachOps.java:173) ~[na:na]
	at java.base/java.util.stream.AbstractPipeline.evaluate(AbstractPipeline.java:234) ~[na:na]
	at java.base/java.util.stream.ReferencePipeline.forEach(ReferencePipeline.java:596) ~[na:na]
	at org.junit.jupiter.engine.descriptor.ClassBasedTestDescriptor.invokeTestInstancePostProcessors(ClassBasedTestDescriptor.java:382) ~[junit-jupiter-engine-5.12.2.jar:5.12.2]
	at org.junit.jupiter.engine.descriptor.ClassBasedTestDescriptor.lambda$instantiateAndPostProcessTestInstance$6(ClassBasedTestDescriptor.java:293) ~[junit-jupiter-engine-5.12.2.jar:5.12.2]
	at org.junit.platform.engine.support.hierarchical.ThrowableCollector.execute(ThrowableCollector.java:73) ~[junit-platform-engine-1.12.2.jar:1.12.2]
	at org.junit.jupiter.engine.descriptor.ClassBasedTestDescriptor.instantiateAndPostProcessTestInstance(ClassBasedTestDescriptor.java:292) ~[junit-jupiter-engine-5.12.2.jar:5.12.2]
	at org.junit.jupiter.engine.descriptor.ClassBasedTestDescriptor.lambda$testInstancesProvider$4(ClassBasedTestDescriptor.java:281) ~[junit-jupiter-engine-5.12.2.jar:5.12.2]
	at java.base/java.util.Optional.orElseGet(Optional.java:364) ~[na:na]
	at org.junit.jupiter.engine.descriptor.ClassBasedTestDescriptor.lambda$testInstancesProvider$5(ClassBasedTestDescriptor.java:280) ~[junit-jupiter-engine-5.12.2.jar:5.12.2]
	at org.junit.jupiter.engine.execution.TestInstancesProvider.getTestInstances(TestInstancesProvider.java:27) ~[junit-jupiter-engine-5.12.2.jar:5.12.2]
	at org.junit.jupiter.engine.descriptor.TestMethodTestDescriptor.lambda$prepare$0(TestMethodTestDescriptor.java:112) ~[junit-jupiter-engine-5.12.2.jar:5.12.2]
	at org.junit.platform.engine.support.hierarchical.ThrowableCollector.execute(ThrowableCollector.java:73) ~[junit-platform-engine-1.12.2.jar:1.12.2]
	at org.junit.jupiter.engine.descriptor.TestMethodTestDescriptor.prepare(TestMethodTestDescriptor.java:111) ~[junit-jupiter-engine-5.12.2.jar:5.12.2]
	at org.junit.jupiter.engine.descriptor.TestMethodTestDescriptor.prepare(TestMethodTestDescriptor.java:69) ~[junit-jupiter-engine-5.12.2.jar:5.12.2]
	at org.junit.platform.engine.support.hierarchical.NodeTestTask.lambda$prepare$2(NodeTestTask.java:128) ~[junit-platform-engine-1.12.2.jar:1.12.2]
	at org.junit.platform.engine.support.hierarchical.ThrowableCollector.execute(ThrowableCollector.java:73) ~[junit-platform-engine-1.12.2.jar:1.12.2]
	at org.junit.platform.engine.support.hierarchical.NodeTestTask.prepare(NodeTestTask.java:128) ~[junit-platform-engine-1.12.2.jar:1.12.2]
	at org.junit.platform.engine.support.hierarchical.NodeTestTask.execute(NodeTestTask.java:95) ~[junit-platform-engine-1.12.2.jar:1.12.2]
	at java.base/java.util.ArrayList.forEach(ArrayList.java:1511) ~[na:na]
	at org.junit.platform.engine.support.hierarchical.SameThreadHierarchicalTestExecutorService.invokeAll(SameThreadHierarchicalTestExecutorService.java:41) ~[junit-platform-engine-1.12.2.jar:1.12.2]
	at org.junit.platform.engine.support.hierarchical.NodeTestTask.lambda$executeRecursively$6(NodeTestTask.java:160) ~[junit-platform-engine-1.12.2.jar:1.12.2]
	at org.junit.platform.engine.support.hierarchical.ThrowableCollector.execute(ThrowableCollector.java:73) ~[junit-platform-engine-1.12.2.jar:1.12.2]
	at org.junit.platform.engine.support.hierarchical.NodeTestTask.lambda$executeRecursively$8(NodeTestTask.java:146) ~[junit-platform-engine-1.12.2.jar:1.12.2]
	at org.junit.platform.engine.support.hierarchical.Node.around(Node.java:137) ~[junit-platform-engine-1.12.2.jar:1.12.2]
	at org.junit.platform.engine.support.hierarchical.NodeTestTask.lambda$executeRecursively$9(NodeTestTask.java:144) ~[junit-platform-engine-1.12.2.jar:1.12.2]
	at org.junit.platform.engine.support.hierarchical.ThrowableCollector.execute(ThrowableCollector.java:73) ~[junit-platform-engine-1.12.2.jar:1.12.2]
	at org.junit.platform.engine.support.hierarchical.NodeTestTask.executeRecursively(NodeTestTask.java:143) ~[junit-platform-engine-1.12.2.jar:1.12.2]
	at org.junit.platform.engine.support.hierarchical.NodeTestTask.execute(NodeTestTask.java:100) ~[junit-platform-engine-1.12.2.jar:1.12.2]
	at java.base/java.util.ArrayList.forEach(ArrayList.java:1511) ~[na:na]
	at org.junit.platform.engine.support.hierarchical.SameThreadHierarchicalTestExecutorService.invokeAll(SameThreadHierarchicalTestExecutorService.java:41) ~[junit-platform-engine-1.12.2.jar:1.12.2]
	at org.junit.platform.engine.support.hierarchical.NodeTestTask.lambda$executeRecursively$6(NodeTestTask.java:160) ~[junit-platform-engine-1.12.2.jar:1.12.2]
	at org.junit.platform.engine.support.hierarchical.ThrowableCollector.execute(ThrowableCollector.java:73) ~[junit-platform-engine-1.12.2.jar:1.12.2]
	at org.junit.platform.engine.support.hierarchical.NodeTestTask.lambda$executeRecursively$8(NodeTestTask.java:146) ~[junit-platform-engine-1.12.2.jar:1.12.2]
	at org.junit.platform.engine.support.hierarchical.Node.around(Node.java:137) ~[junit-platform-engine-1.12.2.jar:1.12.2]
	at org.junit.platform.engine.support.hierarchical.NodeTestTask.lambda$executeRecursively$9(NodeTestTask.java:144) ~[junit-platform-engine-1.12.2.jar:1.12.2]
	at org.junit.platform.engine.support.hierarchical.ThrowableCollector.execute(ThrowableCollector.java:73) ~[junit-platform-engine-1.12.2.jar:1.12.2]
	at org.junit.platform.engine.support.hierarchical.NodeTestTask.executeRecursively(NodeTestTask.java:143) ~[junit-platform-engine-1.12.2.jar:1.12.2]
	at org.junit.platform.engine.support.hierarchical.NodeTestTask.execute(NodeTestTask.java:100) ~[junit-platform-engine-1.12.2.jar:1.12.2]
	at org.junit.platform.engine.support.hierarchical.SameThreadHierarchicalTestExecutorService.submit(SameThreadHierarchicalTestExecutorService.java:35) ~[junit-platform-engine-1.12.2.jar:1.12.2]
	at org.junit.platform.engine.support.hierarchical.HierarchicalTestExecutor.execute(HierarchicalTestExecutor.java:57) ~[junit-platform-engine-1.12.2.jar:1.12.2]
	at org.junit.platform.engine.support.hierarchical.HierarchicalTestEngine.execute(HierarchicalTestEngine.java:54) ~[junit-platform-engine-1.12.2.jar:1.12.2]
	at org.junit.platform.launcher.core.EngineExecutionOrchestrator.execute(EngineExecutionOrchestrator.java:201) ~[junit-platform-launcher-1.12.2.jar:1.12.2]
	at org.junit.platform.launcher.core.EngineExecutionOrchestrator.execute(EngineExecutionOrchestrator.java:170) ~[junit-platform-launcher-1.12.2.jar:1.12.2]
	at org.junit.platform.launcher.core.EngineExecutionOrchestrator.execute(EngineExecutionOrchestrator.java:94) ~[junit-platform-launcher-1.12.2.jar:1.12.2]
	at org.junit.platform.launcher.core.EngineExecutionOrchestrator.lambda$execute$0(EngineExecutionOrchestrator.java:59) ~[junit-platform-launcher-1.12.2.jar:1.12.2]
	at org.junit.platform.launcher.core.EngineExecutionOrchestrator.withInterceptedStreams(EngineExecutionOrchestrator.java:142) ~[junit-platform-launcher-1.12.2.jar:1.12.2]
	at org.junit.platform.launcher.core.EngineExecutionOrchestrator.execute(EngineExecutionOrchestrator.java:58) ~[junit-platform-launcher-1.12.2.jar:1.12.2]
	at org.junit.platform.launcher.core.DefaultLauncher.execute(DefaultLauncher.java:103) ~[junit-platform-launcher-1.12.2.jar:1.12.2]
	at org.junit.platform.launcher.core.DefaultLauncher.execute(DefaultLauncher.java:85) ~[junit-platform-launcher-1.12.2.jar:1.12.2]
	at org.junit.platform.launcher.core.DelegatingLauncher.execute(DelegatingLauncher.java:47) ~[junit-platform-launcher-1.12.2.jar:1.12.2]
	at org.junit.platform.launcher.core.InterceptingLauncher.lambda$execute$1(InterceptingLauncher.java:39) ~[junit-platform-launcher-1.12.2.jar:1.12.2]
	at org.junit.platform.launcher.core.ClasspathAlignmentCheckingLauncherInterceptor.intercept(ClasspathAlignmentCheckingLauncherInterceptor.java:25) ~[junit-platform-launcher-1.12.2.jar:1.12.2]
	at org.junit.platform.launcher.core.InterceptingLauncher.execute(InterceptingLauncher.java:38) ~[junit-platform-launcher-1.12.2.jar:1.12.2]
	at org.junit.platform.launcher.core.DelegatingLauncher.execute(DelegatingLauncher.java:47) ~[junit-platform-launcher-1.12.2.jar:1.12.2]
	at org.apache.maven.surefire.junitplatform.LauncherAdapter.executeWithoutCancellationToken(LauncherAdapter.java:60) ~[surefire-junit-platform-3.5.6.jar:3.5.6]
	at org.apache.maven.surefire.junitplatform.LauncherAdapter.execute(LauncherAdapter.java:52) ~[surefire-junit-platform-3.5.6.jar:3.5.6]
	at org.apache.maven.surefire.junitplatform.JUnitPlatformProvider.execute(JUnitPlatformProvider.java:203) ~[surefire-junit-platform-3.5.6.jar:3.5.6]
	at org.apache.maven.surefire.junitplatform.JUnitPlatformProvider.invokeAllTests(JUnitPlatformProvider.java:168) ~[surefire-junit-platform-3.5.6.jar:3.5.6]
	at org.apache.maven.surefire.junitplatform.JUnitPlatformProvider.invoke(JUnitPlatformProvider.java:136) ~[surefire-junit-platform-3.5.6.jar:3.5.6]
	at org.apache.maven.surefire.booter.ForkedBooter.runSuitesInProcess(ForkedBooter.java:385) ~[surefire-booter-3.5.6.jar:3.5.6]
	at org.apache.maven.surefire.booter.ForkedBooter.execute(ForkedBooter.java:162) ~[surefire-booter-3.5.6.jar:3.5.6]
	at org.apache.maven.surefire.booter.ForkedBooter.run(ForkedBooter.java:507) ~[surefire-booter-3.5.6.jar:3.5.6]
	at org.apache.maven.surefire.booter.ForkedBooter.main(ForkedBooter.java:495) ~[surefire-booter-3.5.6.jar:3.5.6]
Caused by: org.h2.jdbc.JdbcSQLSyntaxErrorException: Table "chat_logs" not found; SQL statement:
create index "idx_chat_logs_user_id" on "chat_logs" ("user_id") [42102-232]
	at org.h2.message.DbException.getJdbcSQLException(DbException.java:514) ~[h2-2.3.232.jar:2.3.232]
	at org.h2.message.DbException.getJdbcSQLException(DbException.java:489) ~[h2-2.3.232.jar:2.3.232]
	at org.h2.message.DbException.get(DbException.java:223) ~[h2-2.3.232.jar:2.3.232]
	at org.h2.message.DbException.get(DbException.java:199) ~[h2-2.3.232.jar:2.3.232]
	at org.h2.command.ddl.CreateIndex.update(CreateIndex.java:70) ~[h2-2.3.232.jar:2.3.232]
	at org.h2.command.CommandContainer.update(CommandContainer.java:139) ~[h2-2.3.232.jar:2.3.232]
	at org.h2.command.Command.executeUpdate(Command.java:304) ~[h2-2.3.232.jar:2.3.232]
	at org.h2.command.Command.executeUpdate(Command.java:248) ~[h2-2.3.232.jar:2.3.232]
	at org.h2.jdbc.JdbcStatement.executeInternal(JdbcStatement.java:262) ~[h2-2.3.232.jar:2.3.232]
	at org.h2.jdbc.JdbcStatement.execute(JdbcStatement.java:231) ~[h2-2.3.232.jar:2.3.232]
	at com.zaxxer.hikari.pool.ProxyStatement.execute(ProxyStatement.java:95) ~[HikariCP-6.3.3.jar:na]
	at com.zaxxer.hikari.pool.HikariProxyStatement.execute(HikariProxyStatement.java) ~[HikariCP-6.3.3.jar:na]
	at org.hibernate.tool.schema.internal.exec.GenerationTargetToDatabase.accept(GenerationTargetToDatabase.java:80) ~[hibernate-core-6.6.53.Final.jar:6.6.53.Final]
	... 124 common frames omitted

2026-09-22T09:00:30.203+10:00 DEBUG 28204 --- [rualingo-test] [           main] org.hibernate.SQL                        : create index "idx_vocabulary_word" on "vocabulary" ("word")
2026-09-22T09:00:30.203+10:00 DEBUG 28204 --- [rualingo-test] [           main] org.hibernate.SQL                        : alter table if exists "activity_log" add constraint "FKs9outka4j4rsth9e3r26yxrl7" foreign key ("exercise_id") references "exercise"
2026-09-22T09:00:30.223+10:00 DEBUG 28204 --- [rualingo-test] [           main] org.hibernate.SQL                        : alter table if exists "activity_log" add constraint "FKhpejfjsxkmcf7o2lmhyhmdm13" foreign key ("lesson_id") references "lesson"
2026-09-22T09:00:30.226+10:00 DEBUG 28204 --- [rualingo-test] [           main] org.hibernate.SQL                        : alter table if exists "activity_log" add constraint "FKpook5t58rupd1qi4u4ue9pnf2" foreign key ("user_id") references "user"
2026-09-22T09:00:30.227+10:00 DEBUG 28204 --- [rualingo-test] [           main] org.hibernate.SQL                        : alter table if exists "chat_logs" add constraint "FKmv0ou89o7qca1f73fa6sdae26" foreign key ("user_id") references "user"
2026-09-22T09:00:30.228+10:00 DEBUG 28204 --- [rualingo-test] [           main] org.hibernate.SQL                        : alter table if exists "course" add constraint "FKafnqjtjf9lgywpo7yexmqbqys" foreign key ("language_id") references "language"
2026-09-22T09:00:30.229+10:00 DEBUG 28204 --- [rualingo-test] [           main] org.hibernate.SQL                        : alter table if exists "course_has_user" add constraint "FKehk52ay4u975vovc32ckee4j3" foreign key ("course_course_id") references "course"
2026-09-22T09:00:30.232+10:00 DEBUG 28204 --- [rualingo-test] [           main] org.hibernate.SQL                        : alter table if exists "course_has_user" add constraint "FKdicsrajpyh1tpjbkwxexbbxmm" foreign key ("user_user_id") references "user"
2026-09-22T09:00:30.235+10:00 DEBUG 28204 --- [rualingo-test] [           main] org.hibernate.SQL                        : alter table if exists "course_metadata" add constraint "FKila9l7ewfs2oca6cfk0bcijk6" foreign key ("course_id") references "course"
2026-09-22T09:00:30.236+10:00 DEBUG 28204 --- [rualingo-test] [           main] org.hibernate.SQL                        : alter table if exists "exercise" add constraint "FKppm9rte8q7rrio40iioj5l171" foreign key ("lesson_id") references "lesson"
2026-09-22T09:00:30.238+10:00 DEBUG 28204 --- [rualingo-test] [           main] org.hibernate.SQL                        : alter table if exists "exercise_option" add constraint "FK8iyrop00e3brg1p2qvacj8twt" foreign key ("exercise_id") references "exercise"
2026-09-22T09:00:30.239+10:00 DEBUG 28204 --- [rualingo-test] [           main] org.hibernate.SQL                        : alter table if exists "language" add constraint "FKti3kqd2q4do60oyitsdh311ql" foreign key ("user_id") references "user"
2026-09-22T09:00:30.241+10:00 DEBUG 28204 --- [rualingo-test] [           main] org.hibernate.SQL                        : alter table if exists "language_has_user" add constraint "FKhfjqbj31c1la8b95akyft8aa2" foreign key ("language_language_id") references "language"
2026-09-22T09:00:30.242+10:00 DEBUG 28204 --- [rualingo-test] [           main] org.hibernate.SQL                        : alter table if exists "language_has_user" add constraint "FKqk3akpy868xwyoqoqlidq1m2m" foreign key ("user_user_id") references "user"
2026-09-22T09:00:30.243+10:00 DEBUG 28204 --- [rualingo-test] [           main] org.hibernate.SQL                        : alter table if exists "lesson" add constraint "FKc09yhule27ix44wu0jvleyht" foreign key ("course_id") references "course"
2026-09-22T09:00:30.245+10:00 DEBUG 28204 --- [rualingo-test] [           main] org.hibernate.SQL                        : alter table if exists "login" add constraint "FKek46lbqfcsgcl587rqgcdyemg" foreign key ("user_id") references "user"
2026-09-22T09:00:30.246+10:00 DEBUG 28204 --- [rualingo-test] [           main] org.hibernate.SQL                        : alter table if exists "user" add constraint "FK9usot4gododq1u90duvulb92d" foreign key ("role_id") references "role"
2026-09-22T09:00:30.250+10:00 DEBUG 28204 --- [rualingo-test] [           main] org.hibernate.SQL                        : alter table if exists "user_notification" add constraint "FK5xuuyvcvkcf88h8v478jpy5uo" foreign key ("user_id") references "user"
2026-09-22T09:00:30.252+10:00 DEBUG 28204 --- [rualingo-test] [           main] org.hibernate.SQL                        : alter table if exists "user_response" add constraint "FK1rrx27wcaqpyt0g29boo070dn" foreign key ("exercise_id") references "exercise"
2026-09-22T09:00:30.253+10:00 DEBUG 28204 --- [rualingo-test] [           main] org.hibernate.SQL                        : alter table if exists "user_response" add constraint "FKt9b3v0p4b9us55iocmichxf7k" foreign key ("user_id") references "user"
2026-09-22T09:00:30.254+10:00 DEBUG 28204 --- [rualingo-test] [           main] org.hibernate.SQL                        : alter table if exists "vocabulary" add constraint "FKa1m38ci1rpni2x1bgd4axk81g" foreign key ("course_id") references "course"
2026-09-22T09:00:30.255+10:00 DEBUG 28204 --- [rualingo-test] [           main] org.hibernate.SQL                        : alter table if exists "vocabulary" add constraint "FK75rf3ibq0mpbtx0tmmyuf5bi2" foreign key ("language_id") references "language"
2026-09-22T09:00:30.257+10:00 DEBUG 28204 --- [rualingo-test] [           main] org.hibernate.SQL                        : alter table if exists "vocabulary" add constraint "FKnt7j89qtbg564k4jymunyfond" foreign key ("lesson_id") references "lesson"
2026-09-22T09:00:33.082+10:00  WARN 28204 --- [rualingo-test] [           main] JpaBaseConfiguration$JpaWebConfiguration : spring.jpa.open-in-view is enabled by default. Therefore, database queries may be performed during view rendering. Explicitly configure spring.jpa.open-in-view to disable this warning
2026-09-22T09:00:35.425+10:00 DEBUG 28204 --- [rualingo-test] [           main] org.hibernate.SQL                        : select r1_0."role_id",r1_0."description",r1_0."name" from "role" r1_0 where r1_0."name"=?
2026-09-22T09:00:35.588+10:00 DEBUG 28204 --- [rualingo-test] [           main] org.hibernate.SQL                        : insert into "role" ("description","name","role_id") values (?,?,default)
2026-09-22T09:00:35.638+10:00 DEBUG 28204 --- [rualingo-test] [           main] org.hibernate.SQL                        : select u1_0."user_id",u1_0."auth_provider",u1_0."date_of_birth",u1_0."email",u1_0."first_name",u1_0."gender",u1_0."is_active",u1_0."last_streak_update",u1_0."password",u1_0."profile_picture",u1_0."provider_user_id",u1_0."province_of_origin",u1_0."role_id",u1_0."second_name",u1_0."streak",u1_0."username" from "user" u1_0 where u1_0."email"=?
2026-09-22T09:00:35.767+10:00 DEBUG 28204 --- [rualingo-test] [           main] org.hibernate.SQL                        : insert into "user" ("auth_provider","date_of_birth","email","first_name","gender","is_active","last_streak_update","password","profile_picture","provider_user_id","province_of_origin","role_id","second_name","streak","username","user_id") values (?,?,?,?,?,?,?,?,?,?,?,?,?,?,?,default)
2026-09-22T09:00:36.449+10:00 DEBUG 28204 --- [rualingo-test] [           main] org.hibernate.SQL                        : select u1_0."user_id",u1_0."auth_provider",u1_0."date_of_birth",u1_0."email",u1_0."first_name",u1_0."gender",u1_0."is_active",u1_0."last_streak_update",u1_0."password",u1_0."profile_picture",u1_0."provider_user_id",u1_0."province_of_origin",u1_0."role_id",u1_0."second_name",u1_0."streak",u1_0."username" from "user" u1_0
2026-09-22T09:00:36.458+10:00 DEBUG 28204 --- [rualingo-test] [           main] org.hibernate.SQL                        : select l1_0."login_id",u1_0."user_id",u1_0."auth_provider",u1_0."date_of_birth",u1_0."email",u1_0."first_name",u1_0."gender",u1_0."is_active",u1_0."last_streak_update",u1_0."password",u1_0."profile_picture",u1_0."provider_user_id",u1_0."province_of_origin",r1_0."role_id",r1_0."description",r1_0."name",u1_0."second_name",u1_0."streak",u1_0."username" from "login" l1_0 left join "user" u1_0 on u1_0."user_id"=l1_0."user_id" left join "role" r1_0 on r1_0."role_id"=u1_0."role_id" where l1_0."user_id"=?
2026-09-22T09:00:36.473+10:00 DEBUG 28204 --- [rualingo-test] [           main] org.hibernate.SQL                        : select r1_0."role_id",r1_0."description",r1_0."name" from "role" r1_0 where r1_0."role_id"=?
2026-09-22T09:00:36.485+10:00 DEBUG 28204 --- [rualingo-test] [           main] org.hibernate.SQL                        : select al1_0."user_id",al1_0."activity_log_id",al1_0."action",e1_0."exercise_id",e1_0."audio_path",e1_0."correct_answer",e1_0."hint",l1_0."lesson_id",l1_0."content",c1_0."course_id",c1_0."category",c1_0."description",l2_0."language_id",l2_0."clan",l2_0."district",l2_0."flag",l2_0."name",l2_0."province",u1_0."user_id",u1_0."auth_provider",u1_0."date_of_birth",u1_0."email",u1_0."first_name",u1_0."gender",u1_0."is_active",u1_0."last_streak_update",l3_0."login_id",u1_0."password",u1_0."profile_picture",u1_0."provider_user_id",u1_0."province_of_origin",r1_0."role_id",r1_0."description",r1_0."name",u1_0."second_name",u1_0."streak",u1_0."username",c1_0."moderation_note",c1_0."name",c1_0."reviewed_at",c1_0."submission_status",c1_0."title",l1_0."description",l1_0."moderation_note",l1_0."reviewed_at",l1_0."submission_status",l1_0."title",l1_0."topic",e1_0."question",e1_0."question_text",e1_0."topic",e1_0."type",l4_0."lesson_id",l4_0."content",c2_0."course_id",c2_0."category",c2_0."description",l5_0."language_id",l5_0."clan",l5_0."district",l5_0."flag",l5_0."name",l5_0."province",u2_0."user_id",u2_0."auth_provider",u2_0."date_of_birth",u2_0."email",u2_0."first_name",u2_0."gender",u2_0."is_active",u2_0."last_streak_update",l6_0."login_id",u2_0."password",u2_0."profile_picture",u2_0."provider_user_id",u2_0."province_of_origin",r2_0."role_id",r2_0."description",r2_0."name",u2_0."second_name",u2_0."streak",u2_0."username",c2_0."moderation_note",c2_0."name",c2_0."reviewed_at",c2_0."submission_status",c2_0."title",l4_0."description",l4_0."moderation_note",l4_0."reviewed_at",l4_0."submission_status",l4_0."title",l4_0."topic",al1_0."time_stamp" from "activity_log" al1_0 left join "exercise" e1_0 on e1_0."exercise_id"=al1_0."exercise_id" left join "lesson" l1_0 on l1_0."lesson_id"=e1_0."lesson_id" left join "course" c1_0 on c1_0."course_id"=l1_0."course_id" left join "language" l2_0 on l2_0."language_id"=c1_0."language_id" left join "user" u1_0 on u1_0."user_id"=l2_0."user_id" left join "login" l3_0 on u1_0."user_id"=l3_0."user_id" left join "role" r1_0 on r1_0."role_id"=u1_0."role_id" left join "lesson" l4_0 on l4_0."lesson_id"=al1_0."lesson_id" left join "course" c2_0 on c2_0."course_id"=l4_0."course_id" left join "language" l5_0 on l5_0."language_id"=c2_0."language_id" left join "user" u2_0 on u2_0."user_id"=l5_0."user_id" left join "login" l6_0 on u2_0."user_id"=l6_0."user_id" left join "role" r2_0 on r2_0."role_id"=u2_0."role_id" where al1_0."user_id"=?
2026-09-22T09:00:36.492+10:00 DEBUG 28204 --- [rualingo-test] [           main] org.hibernate.SQL                        : select r1_0."user_id",r1_0."userresponse_id",r1_0."attempts",e1_0."exercise_id",e1_0."audio_path",e1_0."correct_answer",e1_0."hint",l1_0."lesson_id",l1_0."content",c1_0."course_id",c1_0."category",c1_0."description",l2_0."language_id",l2_0."clan",l2_0."district",l2_0."flag",l2_0."name",l2_0."province",u1_0."user_id",u1_0."auth_provider",u1_0."date_of_birth",u1_0."email",u1_0."first_name",u1_0."gender",u1_0."is_active",u1_0."last_streak_update",l3_0."login_id",u1_0."password",u1_0."profile_picture",u1_0."provider_user_id",u1_0."province_of_origin",r2_0."role_id",r2_0."description",r2_0."name",u1_0."second_name",u1_0."streak",u1_0."username",c1_0."moderation_note",c1_0."name",c1_0."reviewed_at",c1_0."submission_status",c1_0."title",l1_0."description",l1_0."moderation_note",l1_0."reviewed_at",l1_0."submission_status",l1_0."title",l1_0."topic",e1_0."question",e1_0."question_text",e1_0."topic",e1_0."type",r1_0."is_correct",r1_0."response_time",r1_0."time_stamp",r1_0."user_answer" from "user_response" r1_0 left join "exercise" e1_0 on e1_0."exercise_id"=r1_0."exercise_id" left join "lesson" l1_0 on l1_0."lesson_id"=e1_0."lesson_id" left join "course" c1_0 on c1_0."course_id"=l1_0."course_id" left join "language" l2_0 on l2_0."language_id"=c1_0."language_id" left join "user" u1_0 on u1_0."user_id"=l2_0."user_id" left join "login" l3_0 on u1_0."user_id"=l3_0."user_id" left join "role" r2_0 on r2_0."role_id"=u1_0."role_id" where r1_0."user_id"=?
2026-09-22T09:00:36.505+10:00 DEBUG 28204 --- [rualingo-test] [           main] org.hibernate.SQL                        : delete from "course_has_user" where "user_user_id"=?
2026-09-22T09:00:36.508+10:00 DEBUG 28204 --- [rualingo-test] [           main] org.hibernate.SQL                        : delete from "language_has_user" where "user_user_id"=?
2026-09-22T09:00:36.512+10:00 DEBUG 28204 --- [rualingo-test] [           main] org.hibernate.SQL                        : delete from "user" where "user_id"=?
2026-09-22T09:00:36.534+10:00 DEBUG 28204 --- [rualingo-test] [           main] org.hibernate.SQL                        : insert into "user" ("auth_provider","date_of_birth","email","first_name","gender","is_active","last_streak_update","password","profile_picture","provider_user_id","province_of_origin","role_id","second_name","streak","username","user_id") values (?,?,?,?,?,?,?,?,?,?,?,?,?,?,?,default)
2026-09-22T09:00:36.665+10:00 DEBUG 28204 --- [rualingo-test] [           main] org.hibernate.SQL                        : select u1_0."user_id",u1_0."auth_provider",u1_0."date_of_birth",u1_0."email",u1_0."first_name",u1_0."gender",u1_0."is_active",u1_0."last_streak_update",u1_0."password",u1_0."profile_picture",u1_0."provider_user_id",u1_0."province_of_origin",u1_0."role_id",u1_0."second_name",u1_0."streak",u1_0."username" from "user" u1_0 where u1_0."email"=?
2026-09-22T09:00:36.667+10:00 DEBUG 28204 --- [rualingo-test] [           main] org.hibernate.SQL                        : select l1_0."login_id",u1_0."user_id",u1_0."auth_provider",u1_0."date_of_birth",u1_0."email",u1_0."first_name",u1_0."gender",u1_0."is_active",u1_0."last_streak_update",u1_0."password",u1_0."profile_picture",u1_0."provider_user_id",u1_0."province_of_origin",r1_0."role_id",r1_0."description",r1_0."name",u1_0."second_name",u1_0."streak",u1_0."username" from "login" l1_0 left join "user" u1_0 on u1_0."user_id"=l1_0."user_id" left join "role" r1_0 on r1_0."role_id"=u1_0."role_id" where l1_0."user_id"=?
2026-09-22T09:00:36.690+10:00 DEBUG 28204 --- [rualingo-test] [           main] org.hibernate.SQL                        : select al1_0."activity_log_id",al1_0."action",al1_0."exercise_id",al1_0."lesson_id",al1_0."time_stamp",al1_0."user_id" from "activity_log" al1_0 where al1_0."user_id"=? order by al1_0."time_stamp" desc
2026-09-22T09:00:36.703+10:00 DEBUG 28204 --- [rualingo-test] [           main] org.hibernate.SQL                        : select count(cl1_0."log_id") from "chat_logs" cl1_0 left join "user" u1_0 on u1_0."user_id"=cl1_0."user_id" where u1_0."user_id"=?
2026-09-22T09:00:36.705+10:00  WARN 28204 --- [rualingo-test] [           main] o.h.engine.jdbc.spi.SqlExceptionHelper   : SQL Error: 42102, SQLState: 42S02
2026-09-22T09:00:36.705+10:00 ERROR 28204 --- [rualingo-test] [           main] o.h.engine.jdbc.spi.SqlExceptionHelper   : Table "chat_logs" not found; SQL statement:
select count(cl1_0."log_id") from "chat_logs" cl1_0 left join "user" u1_0 on u1_0."user_id"=cl1_0."user_id" where u1_0."user_id"=? [42102-232]

MockHttpServletRequest:
      HTTP Method = GET
      Request URI = /api/chat/analytics
       Parameters = {}
          Headers = []
             Body = null
    Session Attrs = {}

Handler:
             Type = com.example.rualingo.controller.ChatController
           Method = com.example.rualingo.controller.ChatController#getMyAnalytics(Authentication)

Async:
    Async started = false
     Async result = null

Resolved Exception:
             Type = null

ModelAndView:
        View name = null
             View = null
            Model = null

FlashMap:
       Attributes = null

MockHttpServletResponse:
           Status = 500
    Error message = null
          Headers = [Vary:"Origin", "Access-Control-Request-Method", "Access-Control-Request-Headers", Content-Type:"application/json", X-Content-Type-Options:"nosniff", X-XSS-Protection:"0", Cache-Control:"no-cache, no-store, max-age=0, must-revalidate", Pragma:"no-cache", Expires:"0", X-Frame-Options:"DENY"]
     Content type = application/json
             Body = {"error":"could not prepare statement [Table \"chat_logs\" not found; SQL statement:\nselect count(cl1_0.\"log_id\") from \"chat_logs\" cl1_0 left join \"user\" u1_0 on u1_0.\"user_id\"=cl1_0.\"user_id\" where u1_0.\"user_id\"=? [42102-232]] [select count(cl1_0.\"log_id\") from \"chat_logs\" cl1_0 left join \"user\" u1_0 on u1_0.\"user_id\"=cl1_0.\"user_id\" where u1_0.\"user_id\"=?]; SQL [select count(cl1_0.\"log_id\") from \"chat_logs\" cl1_0 left join \"user\" u1_0 on u1_0.\"user_id\"=cl1_0.\"user_id\" where u1_0.\"user_id\"=?]"}
    Forwarded URL = null
   Redirected URL = null
          Cookies = []

MockHttpServletRequest:
      HTTP Method = GET
      Request URI = /api/chat/analytics
       Parameters = {}
          Headers = []
             Body = null
    Session Attrs = {}

Handler:
             Type = com.example.rualingo.controller.ChatController
           Method = com.example.rualingo.controller.ChatController#getMyAnalytics(Authentication)

Async:
    Async started = false
     Async result = null

Resolved Exception:
             Type = null

ModelAndView:
        View name = null
             View = null
            Model = null

FlashMap:
       Attributes = null

MockHttpServletResponse:
           Status = 500
    Error message = null
          Headers = [Vary:"Origin", "Access-Control-Request-Method", "Access-Control-Request-Headers", Content-Type:"application/json", X-Content-Type-Options:"nosniff", X-XSS-Protection:"0", Cache-Control:"no-cache, no-store, max-age=0, must-revalidate", Pragma:"no-cache", Expires:"0", X-Frame-Options:"DENY"]
     Content type = application/json
             Body = {"error":"could not prepare statement [Table \"chat_logs\" not found; SQL statement:\nselect count(cl1_0.\"log_id\") from \"chat_logs\" cl1_0 left join \"user\" u1_0 on u1_0.\"user_id\"=cl1_0.\"user_id\" where u1_0.\"user_id\"=? [42102-232]] [select count(cl1_0.\"log_id\") from \"chat_logs\" cl1_0 left join \"user\" u1_0 on u1_0.\"user_id\"=cl1_0.\"user_id\" where u1_0.\"user_id\"=?]; SQL [select count(cl1_0.\"log_id\") from \"chat_logs\" cl1_0 left join \"user\" u1_0 on u1_0.\"user_id\"=cl1_0.\"user_id\" where u1_0.\"user_id\"=?]"}
    Forwarded URL = null
   Redirected URL = null
          Cookies = []
]]></system-out>
  </testcase>
</testsuite>